New directory: D:\Software Development Projects\Web Site 2016
New directory: D:\Software Development Projects\Web Site 2016
New directory: D:\Software Development Projects\Web Site 2016
New directory: D:\Software Development Projects\Web Site 2016
homedir:  D:/SoftwareAssets/public/ Starting directory: D:\Software Development Projects\Web Site 2016
running server on port 3000
{ '0': 'checked',
  '1': '',
  '2': 'checked',
  '3': '',
  '4': '',
  '5': '',
  '6': 'checked',
  '7': '',
  '8': '',
  '9': 'checked',
  '10': '',
  '11': '',
  '12': '',
  '13': '',
  '14': 'checked',
  '15': '',
  '16': '',
  '17': 'checked',
  '18': '',
  '19': 'checked',
  '20': '',
  '21': '',
  '22': '',
  '23': '',
  '24': '',
  '25': '',
  '26': '',
  '27': '',
  '28': '',
  '29': 'checked',
  '30': '',
  '31': 'checked',
  '32': '',
  '33': '',
  '34': 'checked',
  '35': '',
  '36': '',
  '37': '',
  '38': '',
  '39': '',
  '40': '',
  '41': '',
  '42': 'checked',
  '43': '',
  '44': '',
  '45': 'checked',
  '46': '',
  '47': '',
  '48': '',
  '49': '',
  '50': '',
  '51': '',
  '52': 'checked',
  '53': '',
  '54': '',
  '55': '',
  '56': '',
  '57': '',
  '58': 'checked',
  '59': '',
  '60': '',
  '61': 'checked',
  '62': 'checked',
  '63': '',
  '64': '',
  '65': 'checked',
  '66': '',
  '67': '',
  '68': 'checked',
  '69': 'checked',
  '70': '',
  '71': '',
  '72': '',
  '73': '',
  '74': '',
  '75': '',
  '76': '',
  '77': '',
  '78': '',
  '79': '',
  '80': '',
  '81': '',
  '82': '',
  '83': '',
  '84': 'checked',
  '85': '',
  '86': '',
  '87': '',
  '88': '',
  '89': 'checked',
  '90': '',
  '91': '',
  '92': '',
  '93': '',
  '94': 'checked',
  '95': 'checked',
  '96': '',
  '97': '',
  '98': 'checked',
  '99': '',
  '100': '',
  '101': 'checked',
  '102': '',
  '103': '',
  '104': 'checked',
  '105': '',
  '106': '',
  '107': '',
  '108': '',
  '109': '',
  '110': '',
  '111': '',
  '112': '',
  '113': '',
  '114': '',
  '115': '',
  '116': 'checked',
  '117': '',
  '118': 'checked',
  '119': '',
  '120': '',
  '121': '',
  '122': '',
  '123': '',
  '124': '',
  '125': '',
  '126': '',
  '127': '',
  '128': '',
  '129': '',
  '130': 'checked',
  '131': '',
  '132': '',
  '133': '',
  '134': '',
  '135': '',
  '136': '',
  '137': '',
  '138': 'checked',
  '139': '',
  '140': '',
  '141': '',
  '142': '',
  '143': '',
  '144': '',
  '145': '',
  '146': 'checked',
  '147': '',
  '148': '',
  '149': '',
  '150': '',
  '151': '',
  '152': '',
  '153': '',
  '154': '',
  '155': '',
  '156': '',
  '157': '',
  '158': '',
  '159': '',
  '160': '',
  '161': '',
  '162': '',
  '163': '',
  '164': '',
  '165': '',
  '166': '',
  '167': '',
  '168': '',
  '169': '',
  '170': '',
  '171': '',
  '172': 'checked',
  '173': '',
  '174': '',
  '175': '',
  '176': 'checked',
  '177': '',
  '178': 'checked' }
