2016-08-31 14:28:05 - Starting D:\Program Files\nodejs\node.exe --harmony "C:\Users\Ivan\AppData\Roaming\npm\node_modules\qckwinsvc\node_modules\node-windows\lib\wrapper.js" -f "D:\Software Development Projects\Web Site 2016\app.js" -l "Media-Server" -g 0.25 -w 1 -r 3 -a n
2016-08-31 14:28:05 - Started 67864
2016-08-31 14:28:46 - Starting D:\Program Files\nodejs\node.exe --harmony "C:\Users\Ivan\AppData\Roaming\npm\node_modules\qckwinsvc\node_modules\node-windows\lib\wrapper.js" -f "D:\Software Development Projects\Web Site 2016\app.js" -l "Media-Server" -g 0.25 -w 1 -r 3 -a n
2016-08-31 14:28:46 - Started 52172
2016-08-31 14:36:28 - Starting D:\Program Files\nodejs\node.exe --harmony "C:\Users\Ivan\AppData\Roaming\npm\node_modules\qckwinsvc\node_modules\node-windows\lib\wrapper.js" -f "D:\Software Development Projects\Web Site 2016\app.js" -l "Media-Server" -g 0.25 -w 1 -r 3 -a n
2016-08-31 14:36:28 - Started 54312
2016-08-31 14:51:27 - Starting D:\Program Files\nodejs\node.exe --harmony "C:\Users\Ivan\AppData\Roaming\npm\node_modules\qckwinsvc\node_modules\node-windows\lib\wrapper.js" -f "D:\Software Development Projects\Web Site 2016\app.js" -l "Media-Server" -g 0.25 -w 1 -r 3 -a n
2016-08-31 14:51:27 - Started 48548
2016-08-31 15:00:27 - Starting D:\Program Files\nodejs\node.exe --harmony "C:\Users\Ivan\AppData\Roaming\npm\node_modules\qckwinsvc\node_modules\node-windows\lib\wrapper.js" -f "D:\Software Development Projects\Web Site 2016\app.js" -l "Media-Server" -g 0.25 -w 1 -r 3 -a n
2016-08-31 15:00:27 - Started 65620
2016-09-01 17:46:26 - Stopping mediaserver.exe
2016-09-01 17:46:26 - ProcessKill 65620
2016-09-01 17:46:26 - Finished mediaserver.exe
2016-09-01 18:33:56 - Starting D:\Program Files\nodejs\node.exe --harmony "C:\Users\Ivan\AppData\Roaming\npm\node_modules\qckwinsvc\node_modules\node-windows\lib\wrapper.js" -f "D:\Software Development Projects\Web Site 2016\app.js" -l "Media-Server" -g 0.25 -w 1 -r 3 -a n
2016-09-01 18:33:56 - Started 53080
2016-09-14 19:36:44 - Stopping mediaserver.exe
2016-09-14 19:36:44 - ProcessKill 53080
2016-09-14 19:36:44 - Finished mediaserver.exe
2016-09-14 19:38:53 - Starting D:\Program Files\nodejs\node.exe --harmony "C:\Users\Ivan\AppData\Roaming\npm\node_modules\qckwinsvc\node_modules\node-windows\lib\wrapper.js" -f "D:\Software Development Projects\Web Site 2016\app.js" -l "Media-Server" -g 0.25 -w 1 -r 3 -a n
2016-09-14 19:38:54 - Started 3164
2016-09-28 07:27:05 - Stopping mediaserver.exe
2016-09-28 07:27:05 - ProcessKill 3164
2016-09-28 07:27:05 - Finished mediaserver.exe
2016-09-28 07:27:09 - Starting D:\Program Files\nodejs\node.exe --harmony "C:\Users\Ivan\AppData\Roaming\npm\node_modules\qckwinsvc\node_modules\node-windows\lib\wrapper.js" -f "D:\Software Development Projects\Web Site 2016\app.js" -l "Media-Server" -g 0.25 -w 1 -r 3 -a n
2016-09-28 07:27:10 - Started 16892
2016-09-30 03:42:25 - Stopping mediaserver.exe
2016-09-30 03:42:26 - ProcessKill 16892
2016-09-30 03:42:26 - Finished mediaserver.exe
2016-09-30 04:33:39 - Starting D:\Program Files\nodejs\node.exe --harmony "C:\Users\Ivan\AppData\Roaming\npm\node_modules\qckwinsvc\node_modules\node-windows\lib\wrapper.js" -f "D:\Software Development Projects\Web Site 2016\app.js" -l "Media-Server" -g 0.25 -w 1 -r 3 -a n
2016-09-30 04:33:40 - Started 1144
2016-09-30 17:46:09 - Stopping mediaserver.exe
2016-09-30 17:46:09 - ProcessKill 1144
2016-09-30 17:46:09 - Finished mediaserver.exe
2016-09-30 17:47:43 - Starting D:\Program Files\nodejs\node.exe --harmony "C:\Users\Ivan\AppData\Roaming\npm\node_modules\qckwinsvc\node_modules\node-windows\lib\wrapper.js" -f "D:\Software Development Projects\Web Site 2016\app.js" -l "Media-Server" -g 0.25 -w 1 -r 3 -a n
2016-09-30 17:47:44 - Started 4208
2016-10-03 11:44:58 - Starting D:\Program Files\nodejs\node.exe --harmony "C:\Users\Ivan\AppData\Roaming\npm\node_modules\qckwinsvc\node_modules\node-windows\lib\wrapper.js" -f "D:\Software Development Projects\Web Site 2016\app.js" -l "Media-Server" -g 0.25 -w 1 -r 3 -a n
2016-10-03 11:45:00 - Started 3212
2016-10-12 17:47:40 - Stopping mediaserver.exe
2016-10-12 17:47:40 - ProcessKill 3212
2016-10-12 17:47:40 - Finished mediaserver.exe
2016-10-12 17:49:58 - Starting D:\Program Files\nodejs\node.exe --harmony "C:\Users\Ivan\AppData\Roaming\npm\node_modules\qckwinsvc\node_modules\node-windows\lib\wrapper.js" -f "D:\Software Development Projects\Web Site 2016\app.js" -l "Media-Server" -g 0.25 -w 1 -r 3 -a n
2016-10-12 17:49:59 - Started 4356
2016-10-13 13:50:45 - Starting D:\Program Files\nodejs\node.exe --harmony "C:\Users\Ivan\AppData\Roaming\npm\node_modules\qckwinsvc\node_modules\node-windows\lib\wrapper.js" -f "D:\Software Development Projects\Web Site 2016\app.js" -l "Media-Server" -g 0.25 -w 1 -r 3 -a n
2016-10-13 13:50:47 - Started 4452
2016-10-26 13:55:58 - Stopping mediaserver.exe
2016-10-26 13:55:58 - ProcessKill 4452
2016-10-26 13:55:58 - Finished mediaserver.exe
2016-10-26 13:56:00 - Starting D:\Program Files\nodejs\node.exe --harmony "C:\Users\Ivan\AppData\Roaming\npm\node_modules\qckwinsvc\node_modules\node-windows\lib\wrapper.js" -f "D:\Software Development Projects\Web Site 2016\app.js" -l "Media-Server" -g 0.25 -w 1 -r 3 -a n
2016-10-26 13:56:00 - Started 15200
2016-10-26 14:02:23 - Stopping mediaserver.exe
2016-10-26 14:02:23 - ProcessKill 15200
2016-10-26 14:02:23 - Finished mediaserver.exe
2016-10-26 14:02:24 - Starting D:\Program Files\nodejs\node.exe --harmony "C:\Users\Ivan\AppData\Roaming\npm\node_modules\qckwinsvc\node_modules\node-windows\lib\wrapper.js" -f "D:\Software Development Projects\Web Site 2016\app.js" -l "Media-Server" -g 0.25 -w 1 -r 3 -a n
2016-10-26 14:02:24 - Started 10060
2016-10-26 14:02:56 - Stopping mediaserver.exe
2016-10-26 14:02:56 - ProcessKill 10060
2016-10-26 14:02:56 - Finished mediaserver.exe
2016-10-26 16:55:18 - Starting D:\Program Files\nodejs\node.exe --harmony "C:\Users\Ivan\AppData\Roaming\npm\node_modules\qckwinsvc\node_modules\node-windows\lib\wrapper.js" -f "D:\Software Development Projects\Web Site 2016\app.js" -l "Media-Server" -g 0.25 -w 1 -r 3 -a n
2016-10-26 16:55:18 - Started 13200
2016-10-27 08:48:48 - Stopping mediaserver.exe
2016-10-27 08:48:48 - ProcessKill 13200
2016-10-27 08:48:48 - Finished mediaserver.exe
2016-10-27 08:48:50 - Starting D:\Program Files\nodejs\node.exe --harmony "C:\Users\Ivan\AppData\Roaming\npm\node_modules\qckwinsvc\node_modules\node-windows\lib\wrapper.js" -f "D:\Software Development Projects\Web Site 2016\app.js" -l "Media-Server" -g 0.25 -w 1 -r 3 -a n
2016-10-27 08:48:50 - Started 9332
2016-10-31 11:58:21 - Stopping mediaserver.exe
2016-10-31 11:58:21 - ProcessKill 9332
2016-10-31 11:58:21 - Finished mediaserver.exe
2016-10-31 11:58:24 - Starting D:\Program Files\nodejs\node.exe --harmony "C:\Users\Ivan\AppData\Roaming\npm\node_modules\qckwinsvc\node_modules\node-windows\lib\wrapper.js" -f "D:\Software Development Projects\Web Site 2016\app.js" -l "Media-Server" -g 0.25 -w 1 -r 3 -a n
2016-10-31 11:58:24 - Started 12428
2016-10-31 13:43:18 - Stopping mediaserver.exe
2016-10-31 13:43:18 - ProcessKill 12428
2016-10-31 13:43:19 - Finished mediaserver.exe
2016-10-31 13:43:20 - Starting D:\Program Files\nodejs\node.exe --harmony "C:\Users\Ivan\AppData\Roaming\npm\node_modules\qckwinsvc\node_modules\node-windows\lib\wrapper.js" -f "D:\Software Development Projects\Web Site 2016\app.js" -l "Media-Server" -g 0.25 -w 1 -r 3 -a n
2016-10-31 13:43:20 - Started 16588
2016-10-31 13:47:31 - Stopping mediaserver.exe
2016-10-31 13:47:31 - ProcessKill 16588
2016-10-31 13:47:31 - Finished mediaserver.exe
2016-10-31 13:47:32 - Starting D:\Program Files\nodejs\node.exe --harmony "C:\Users\Ivan\AppData\Roaming\npm\node_modules\qckwinsvc\node_modules\node-windows\lib\wrapper.js" -f "D:\Software Development Projects\Web Site 2016\app.js" -l "Media-Server" -g 0.25 -w 1 -r 3 -a n
2016-10-31 13:47:32 - Started 13444
2016-11-04 17:58:08 - Stopping mediaserver.exe
2016-11-04 17:58:09 - ProcessKill 13444
2016-11-04 17:58:09 - Finished mediaserver.exe
2016-11-04 18:00:33 - Starting D:\Program Files\nodejs\node.exe --harmony "C:\Users\Ivan\AppData\Roaming\npm\node_modules\qckwinsvc\node_modules\node-windows\lib\wrapper.js" -f "D:\Software Development Projects\Web Site 2016\app.js" -l "Media-Server" -g 0.25 -w 1 -r 3 -a n
2016-11-04 18:00:34 - Started 4316
2016-11-08 15:29:54 - Stopping mediaserver.exe
2016-11-08 15:29:54 - ProcessKill 4316
2016-11-08 15:29:54 - Finished mediaserver.exe
2016-11-08 15:29:56 - Starting D:\Program Files\nodejs\node.exe --harmony "C:\Users\Ivan\AppData\Roaming\npm\node_modules\qckwinsvc\node_modules\node-windows\lib\wrapper.js" -f "D:\Software Development Projects\Web Site 2016\app.js" -l "Media-Server" -g 0.25 -w 1 -r 3 -a n
2016-11-08 15:29:56 - Started 3600
2016-11-10 17:34:27 - Stopping mediaserver.exe
2016-11-10 17:34:27 - ProcessKill 3600
2016-11-10 17:34:27 - Finished mediaserver.exe
2016-11-10 17:35:41 - Starting D:\Program Files\nodejs\node.exe --harmony "C:\Users\Ivan\AppData\Roaming\npm\node_modules\qckwinsvc\node_modules\node-windows\lib\wrapper.js" -f "D:\Software Development Projects\Web Site 2016\app.js" -l "Media-Server" -g 0.25 -w 1 -r 3 -a n
2016-11-10 17:35:44 - Started 4100
2016-11-23 08:27:59 - Starting D:\Program Files\nodejs\node.exe --harmony "C:\Users\Ivan\AppData\Roaming\npm\node_modules\qckwinsvc\node_modules\node-windows\lib\wrapper.js" -f "D:\Software Development Projects\Web Site 2016\app.js" -l "Media-Server" -g 0.25 -w 1 -r 3 -a n
2016-11-23 08:28:00 - Started 3348
2016-12-11 17:42:38 - Stopping mediaserver.exe
2016-12-11 17:42:38 - ProcessKill 3348
2016-12-11 17:42:38 - Finished mediaserver.exe
2016-12-11 17:44:14 - Starting D:\Program Files\nodejs\node.exe --harmony "C:\Users\Ivan\AppData\Roaming\npm\node_modules\qckwinsvc\node_modules\node-windows\lib\wrapper.js" -f "D:\Software Development Projects\Web Site 2016\app.js" -l "Media-Server" -g 0.25 -w 1 -r 3 -a n
2016-12-11 17:44:16 - Started 3604
2016-12-14 17:42:12 - Stopping mediaserver.exe
2016-12-14 17:42:12 - ProcessKill 3604
2016-12-14 17:42:12 - Finished mediaserver.exe
2016-12-15 07:44:24 - Starting D:\Program Files\nodejs\node.exe --harmony "C:\Users\Ivan\AppData\Roaming\npm\node_modules\qckwinsvc\node_modules\node-windows\lib\wrapper.js" -f "D:\Software Development Projects\Web Site 2016\app.js" -l "Media-Server" -g 0.25 -w 1 -r 3 -a n
2016-12-15 07:44:24 - Started 8468
2017-01-10 12:12:14 - Stopping mediaserver.exe
2017-01-10 12:12:14 - Finished mediaserver.exe
2017-01-10 12:12:17 - Starting D:\Program Files\nodejs\node.exe --harmony "C:\Users\Ivan\AppData\Roaming\npm\node_modules\qckwinsvc\node_modules\node-windows\lib\wrapper.js" -f "D:\Software Development Projects\Web Site 2016\app.js" -l "Media-Server" -g 0.25 -w 1 -r 3 -a n
2017-01-10 12:12:18 - Started 4300
2017-01-10 12:32:30 - Starting D:\Program Files\nodejs\node.exe --harmony "C:\Users\Ivan\AppData\Roaming\npm\node_modules\qckwinsvc\node_modules\node-windows\lib\wrapper.js" -f "D:\Software Development Projects\Web Site 2016\app.js" -l "Media-Server" -g 0.25 -w 1 -r 3 -a n
2017-01-10 12:32:30 - Started 2700
2017-01-12 17:43:12 - Stopping mediaserver.exe
2017-01-12 17:43:12 - ProcessKill 2700
2017-01-12 17:43:12 - Finished mediaserver.exe
2017-01-12 17:46:45 - Starting D:\Program Files\nodejs\node.exe --harmony "C:\Users\Ivan\AppData\Roaming\npm\node_modules\qckwinsvc\node_modules\node-windows\lib\wrapper.js" -f "D:\Software Development Projects\Web Site 2016\app.js" -l "Media-Server" -g 0.25 -w 1 -r 3 -a n
2017-01-12 17:46:46 - Started 796
2017-01-18 06:20:14 - Stopping mediaserver.exe
2017-01-18 06:20:14 - ProcessKill 796
2017-01-18 06:20:15 - Finished mediaserver.exe
2017-01-18 06:23:44 - Starting D:\Program Files\nodejs\node.exe --harmony "C:\Users\Ivan\AppData\Roaming\npm\node_modules\qckwinsvc\node_modules\node-windows\lib\wrapper.js" -f "D:\Software Development Projects\Web Site 2016\app.js" -l "Media-Server" -g 0.25 -w 1 -r 3 -a n
2017-01-18 06:23:44 - Started 4144
2017-02-06 17:22:09 - Stopping mediaserver.exe
2017-02-06 17:22:09 - ProcessKill 4144
2017-02-06 17:22:10 - Finished mediaserver.exe
2017-02-06 17:26:15 - Starting D:\Program Files\nodejs\node.exe --harmony "C:\Users\Ivan\AppData\Roaming\npm\node_modules\qckwinsvc\node_modules\node-windows\lib\wrapper.js" -f "D:\Software Development Projects\Web Site 2016\app.js" -l "Media-Server" -g 0.25 -w 1 -r 3 -a n
2017-02-06 17:26:15 - Started 7916
2017-02-22 20:14:34 - Stopping mediaserver.exe
2017-02-22 20:14:34 - ProcessKill 7916
2017-02-22 20:14:34 - Finished mediaserver.exe
2017-02-22 20:18:16 - Starting D:\Program Files\nodejs\node.exe --harmony "C:\Users\Ivan\AppData\Roaming\npm\node_modules\qckwinsvc\node_modules\node-windows\lib\wrapper.js" -f "D:\Software Development Projects\Web Site 2016\app.js" -l "Media-Server" -g 0.25 -w 1 -r 3 -a n
2017-02-22 20:18:16 - Started 3216
2017-03-16 17:57:09 - Stopping mediaserver.exe
2017-03-16 17:57:09 - ProcessKill 3216
2017-03-16 17:57:09 - Finished mediaserver.exe
2017-03-16 18:01:00 - Starting D:\Program Files\nodejs\node.exe --harmony "C:\Users\Ivan\AppData\Roaming\npm\node_modules\qckwinsvc\node_modules\node-windows\lib\wrapper.js" -f "D:\Software Development Projects\Web Site 2016\app.js" -l "Media-Server" -g 0.25 -w 1 -r 3 -a n
2017-03-16 18:01:00 - Started 1780
2017-04-04 08:05:13 - Stopping mediaserver.exe
2017-04-04 08:05:13 - ProcessKill 1780
2017-04-04 08:05:13 - Finished mediaserver.exe
2017-04-04 08:05:15 - Starting D:\Program Files\nodejs\node.exe --harmony "C:\Users\Ivan\AppData\Roaming\npm\node_modules\qckwinsvc\node_modules\node-windows\lib\wrapper.js" -f "D:\Software Development Projects\Web Site 2016\app.js" -l "Media-Server" -g 0.25 -w 1 -r 3 -a n
2017-04-04 08:05:15 - Started 5204
2017-04-11 21:15:51 - Stopping mediaserver.exe
2017-04-11 21:15:51 - ProcessKill 5204
2017-04-11 21:15:51 - Finished mediaserver.exe
2017-04-11 21:19:46 - Starting D:\Program Files\nodejs\node.exe --harmony "C:\Users\Ivan\AppData\Roaming\npm\node_modules\qckwinsvc\node_modules\node-windows\lib\wrapper.js" -f "D:\Software Development Projects\Web Site 2016\app.js" -l "Media-Server" -g 0.25 -w 1 -r 3 -a n
2017-04-11 21:19:46 - Started 3756
2017-04-16 21:15:32 - Starting D:\Program Files\nodejs\node.exe --harmony "C:\Users\Ivan\AppData\Roaming\npm\node_modules\qckwinsvc\node_modules\node-windows\lib\wrapper.js" -f "D:\Software Development Projects\Web Site 2016\app.js" -l "Media-Server" -g 0.25 -w 1 -r 3 -a n
2017-04-16 21:15:32 - Started 1200
2017-05-10 00:16:01 - Stopping mediaserver.exe
2017-05-10 00:16:01 - ProcessKill 1200
2017-05-10 00:16:02 - Finished mediaserver.exe
2017-05-10 00:19:57 - Starting D:\Program Files\nodejs\node.exe --harmony "C:\Users\Ivan\AppData\Roaming\npm\node_modules\qckwinsvc\node_modules\node-windows\lib\wrapper.js" -f "D:\Software Development Projects\Web Site 2016\app.js" -l "Media-Server" -g 0.25 -w 1 -r 3 -a n
2017-05-10 00:19:57 - Started 2068
2017-06-06 14:16:41 - Stopping mediaserver.exe
2017-06-06 14:16:41 - Finished mediaserver.exe
2017-06-06 14:36:15 - Starting D:\Program Files\nodejs\node.exe --harmony "C:\Users\Ivan\AppData\Roaming\npm\node_modules\qckwinsvc\node_modules\node-windows\lib\wrapper.js" -f "D:\Software Development Projects\Web Site 2016\app.js" -l "Media-Server" -g 0.25 -w 1 -r 3 -a n
2017-06-06 14:36:15 - Started 5444
2017-06-06 14:38:43 - Starting D:\Program Files\nodejs\node.exe --harmony "C:\Users\Ivan\AppData\Roaming\npm\node_modules\qckwinsvc\node_modules\node-windows\lib\wrapper.js" -f "D:\Software Development Projects\Web Site 2016\app.js" -l "Media-Server" -g 0.25 -w 1 -r 3 -a n
2017-06-06 14:38:43 - Started 5996
2017-06-06 14:40:58 - Stopping mediaserver.exe
2017-06-06 14:40:58 - ProcessKill 5996
2017-06-06 14:40:58 - Finished mediaserver.exe
2017-06-08 07:28:17 - Starting D:\Program Files\nodejs\node.exe --harmony "C:\Users\Ivan\AppData\Roaming\npm\node_modules\qckwinsvc\node_modules\node-windows\lib\wrapper.js" -f "D:\Software Development Projects\Web Site 2016\app.js" -l "Media-Server" -g 0.25 -w 1 -r 3 -a n
2017-06-08 07:28:17 - Started 11872
2017-06-14 17:43:10 - Stopping mediaserver.exe
2017-06-14 17:43:10 - ProcessKill 11872
2017-06-14 17:43:11 - Finished mediaserver.exe
2017-06-14 17:46:55 - Starting D:\Program Files\nodejs\node.exe --harmony "C:\Users\Ivan\AppData\Roaming\npm\node_modules\qckwinsvc\node_modules\node-windows\lib\wrapper.js" -f "D:\Software Development Projects\Web Site 2016\app.js" -l "Media-Server" -g 0.25 -w 1 -r 3 -a n
2017-06-14 17:46:55 - Started 3596
2017-07-20 17:37:19 - Stopping mediaserver.exe
2017-07-20 17:37:21 - Finished mediaserver.exe
2017-07-20 17:41:14 - Starting D:\Program Files\nodejs\node.exe --harmony "C:\Users\Ivan\AppData\Roaming\npm\node_modules\qckwinsvc\node_modules\node-windows\lib\wrapper.js" -f "D:\Software Development Projects\Web Site 2016\app.js" -l "Media-Server" -g 0.25 -w 1 -r 3 -a n
2017-07-20 17:41:14 - Started 3368
2017-07-25 19:16:01 - Stopping mediaserver.exe
2017-07-25 19:16:01 - ProcessKill 3368
2017-07-25 19:16:01 - Finished mediaserver.exe
2017-07-25 19:19:51 - Starting D:\Program Files\nodejs\node.exe --harmony "C:\Users\Ivan\AppData\Roaming\npm\node_modules\qckwinsvc\node_modules\node-windows\lib\wrapper.js" -f "D:\Software Development Projects\Web Site 2016\app.js" -l "Media-Server" -g 0.25 -w 1 -r 3 -a n
2017-07-25 19:19:51 - Started 8
2017-08-08 11:34:21 - Stopping mediaserver.exe
2017-08-08 11:34:22 - ProcessKill 8
2017-08-08 11:34:22 - Finished mediaserver.exe
2017-08-08 12:35:17 - Starting D:\Program Files\nodejs\node.exe --harmony "C:\Users\Ivan\AppData\Roaming\npm\node_modules\qckwinsvc\node_modules\node-windows\lib\wrapper.js" -f "D:\Software Development Projects\Web Site 2016\app.js" -l "Media-Server" -g 0.25 -w 1 -r 3 -a n
2017-08-08 12:35:18 - Started 984
2017-08-08 18:03:59 - Stopping mediaserver.exe
2017-08-08 18:03:59 - ProcessKill 984
2017-08-08 18:03:59 - Finished mediaserver.exe
2017-08-08 18:07:36 - Starting D:\Program Files\nodejs\node.exe --harmony "C:\Users\Ivan\AppData\Roaming\npm\node_modules\qckwinsvc\node_modules\node-windows\lib\wrapper.js" -f "D:\Software Development Projects\Web Site 2016\app.js" -l "Media-Server" -g 0.25 -w 1 -r 3 -a n
2017-08-08 18:07:36 - Started 7164
2017-08-09 12:21:00 - Starting D:\Program Files\nodejs\node.exe --harmony "C:\Users\Ivan\AppData\Roaming\npm\node_modules\qckwinsvc\node_modules\node-windows\lib\wrapper.js" -f "D:\Software Development Projects\Web Site 2016\app.js" -l "Media-Server" -g 0.25 -w 1 -r 3 -a n
2017-08-09 12:21:00 - Started 7376
2017-08-09 14:11:36 - Stopping mediaserver.exe
2017-08-09 14:11:36 - ProcessKill 7376
2017-08-09 14:11:36 - Finished mediaserver.exe
2017-08-09 14:11:37 - Starting D:\Program Files\nodejs\node.exe --harmony "C:\Users\Ivan\AppData\Roaming\npm\node_modules\qckwinsvc\node_modules\node-windows\lib\wrapper.js" -f "D:\Software Development Projects\Web Site 2016\app.js" -l "Media-Server" -g 0.25 -w 1 -r 3 -a n
2017-08-09 14:11:37 - Started 6464
2017-08-11 13:31:23 - Stopping mediaserver.exe
2017-08-11 13:31:23 - ProcessKill 6464
2017-08-11 13:31:23 - Finished mediaserver.exe
2017-08-11 13:31:24 - Starting D:\Program Files\nodejs\node.exe --harmony "C:\Users\Ivan\AppData\Roaming\npm\node_modules\qckwinsvc\node_modules\node-windows\lib\wrapper.js" -f "D:\Software Development Projects\Web Site 2016\app.js" -l "Media-Server" -g 0.25 -w 1 -r 3 -a n
2017-08-11 13:31:24 - Started 14612
2017-08-11 15:40:27 - Stopping mediaserver.exe
2017-08-11 15:40:27 - ProcessKill 14612
2017-08-11 15:40:27 - Finished mediaserver.exe
2017-08-11 15:40:29 - Starting D:\Program Files\nodejs\node.exe --harmony "C:\Users\Ivan\AppData\Roaming\npm\node_modules\qckwinsvc\node_modules\node-windows\lib\wrapper.js" -f "D:\Software Development Projects\Web Site 2016\app.js" -l "Media-Server" -g 0.25 -w 1 -r 3 -a n
2017-08-11 15:40:29 - Started 7816
2017-08-11 15:51:53 - Stopping mediaserver.exe
2017-08-11 15:51:53 - ProcessKill 7816
2017-08-11 15:51:53 - Finished mediaserver.exe
2017-08-11 15:51:55 - Starting D:\Program Files\nodejs\node.exe --harmony "C:\Users\Ivan\AppData\Roaming\npm\node_modules\qckwinsvc\node_modules\node-windows\lib\wrapper.js" -f "D:\Software Development Projects\Web Site 2016\app.js" -l "Media-Server" -g 0.25 -w 1 -r 3 -a n
2017-08-11 15:51:55 - Started 13048
2017-08-11 16:31:05 - Stopping mediaserver.exe
2017-08-11 16:31:05 - ProcessKill 13048
2017-08-11 16:31:05 - Finished mediaserver.exe
2017-08-15 09:37:52 - Starting D:\Program Files\nodejs\node.exe --harmony "C:\Users\Ivan\AppData\Roaming\npm\node_modules\qckwinsvc\node_modules\node-windows\lib\wrapper.js" -f "D:\Software Development Projects\Web Site 2016\app.js" -l "Media-Server" -g 0.25 -w 1 -r 3 -a n
2017-08-15 09:37:52 - Started 12464
2017-08-15 15:14:50 - Stopping mediaserver.exe
2017-08-15 15:14:51 - ProcessKill 12464
2017-08-15 15:14:51 - Finished mediaserver.exe
2017-08-15 15:18:31 - Starting D:\Program Files\nodejs\node.exe --harmony "C:\Users\Ivan\AppData\Roaming\npm\node_modules\qckwinsvc\node_modules\node-windows\lib\wrapper.js" -f "D:\Software Development Projects\Web Site 2016\app.js" -l "Media-Server" -g 0.25 -w 1 -r 3 -a n
2017-08-15 15:18:31 - Started 1612
2017-09-13 17:34:00 - Stopping mediaserver.exe
2017-09-13 17:34:00 - Finished mediaserver.exe
2017-09-13 17:37:44 - Starting D:\Program Files\nodejs\node.exe --harmony "C:\Users\Ivan\AppData\Roaming\npm\node_modules\qckwinsvc\node_modules\node-windows\lib\wrapper.js" -f "D:\Software Development Projects\Web Site 2016\app.js" -l "Media-Server" -g 0.25 -w 1 -r 3 -a n
2017-09-13 17:37:44 - Started 5956
2017-10-04 16:40:24 - Stopping mediaserver.exe
2017-10-04 16:40:24 - ProcessKill 5956
2017-10-04 16:40:24 - Finished mediaserver.exe
2017-10-04 16:44:28 - Starting D:\Program Files\nodejs\node.exe --harmony "C:\Users\Ivan\AppData\Roaming\npm\node_modules\qckwinsvc\node_modules\node-windows\lib\wrapper.js" -f "D:\Software Development Projects\Web Site 2016\app.js" -l "Media-Server" -g 0.25 -w 1 -r 3 -a n
2017-10-04 16:44:28 - Started 4024
2017-10-09 18:14:10 - Stopping mediaserver.exe
2017-10-09 18:14:10 - ProcessKill 4024
2017-10-09 18:14:10 - Finished mediaserver.exe
2017-10-09 18:17:54 - Starting D:\Program Files\nodejs\node.exe --harmony "C:\Users\Ivan\AppData\Roaming\npm\node_modules\qckwinsvc\node_modules\node-windows\lib\wrapper.js" -f "D:\Software Development Projects\Web Site 2016\app.js" -l "Media-Server" -g 0.25 -w 1 -r 3 -a n
2017-10-09 18:17:54 - Started 9800
2017-10-10 20:14:40 - Stopping mediaserver.exe
2017-10-10 20:14:40 - ProcessKill 9800
2017-10-10 20:14:40 - Finished mediaserver.exe
2017-10-10 20:18:16 - Starting D:\Program Files\nodejs\node.exe --harmony "C:\Users\Ivan\AppData\Roaming\npm\node_modules\qckwinsvc\node_modules\node-windows\lib\wrapper.js" -f "D:\Software Development Projects\Web Site 2016\app.js" -l "Media-Server" -g 0.25 -w 1 -r 3 -a n
2017-10-10 20:18:16 - Started 3184
2017-10-12 17:20:13 - Stopping mediaserver.exe
2017-10-12 17:20:13 - ProcessKill 3184
2017-10-12 17:20:13 - Finished mediaserver.exe
2017-10-12 17:24:03 - Starting D:\Program Files\nodejs\node.exe --harmony "C:\Users\Ivan\AppData\Roaming\npm\node_modules\qckwinsvc\node_modules\node-windows\lib\wrapper.js" -f "D:\Software Development Projects\Web Site 2016\app.js" -l "Media-Server" -g 0.25 -w 1 -r 3 -a n
2017-10-12 17:24:03 - Started 12156
2017-10-24 10:42:21 - Stopping mediaserver.exe
2017-10-24 10:42:21 - ProcessKill 12156
2017-10-24 10:42:21 - Finished mediaserver.exe
2017-10-24 10:42:24 - Starting D:\Program Files\nodejs\node.exe --harmony "C:\Users\Ivan\AppData\Roaming\npm\node_modules\qckwinsvc\node_modules\node-windows\lib\wrapper.js" -f "D:\Software Development Projects\Web Site 2016\app.js" -l "Media-Server" -g 0.25 -w 1 -r 3 -a n
2017-10-24 10:42:24 - Started 14272
2017-10-24 10:44:04 - Stopping mediaserver.exe
2017-10-24 10:44:04 - ProcessKill 14272
2017-10-24 10:44:04 - Finished mediaserver.exe
2017-10-24 10:44:05 - Starting D:\Program Files\nodejs\node.exe --harmony "C:\Users\Ivan\AppData\Roaming\npm\node_modules\qckwinsvc\node_modules\node-windows\lib\wrapper.js" -f "D:\Software Development Projects\Web Site 2016\app.js" -l "Media-Server" -g 0.25 -w 1 -r 3 -a n
2017-10-24 10:44:05 - Started 13008
2017-10-24 10:56:59 - Stopping mediaserver.exe
2017-10-24 10:57:00 - ProcessKill 13008
2017-10-24 10:57:00 - Finished mediaserver.exe
2017-10-24 10:57:01 - Starting D:\Program Files\nodejs\node.exe --harmony "C:\Users\Ivan\AppData\Roaming\npm\node_modules\qckwinsvc\node_modules\node-windows\lib\wrapper.js" -f "D:\Software Development Projects\Web Site 2016\app.js" -l "Media-Server" -g 0.25 -w 1 -r 3 -a n
2017-10-24 10:57:01 - Started 12144
2017-10-24 11:08:27 - Stopping mediaserver.exe
2017-10-24 11:08:27 - ProcessKill 12144
2017-10-24 11:08:27 - Finished mediaserver.exe
2017-10-24 11:08:29 - Starting D:\Program Files\nodejs\node.exe --harmony "C:\Users\Ivan\AppData\Roaming\npm\node_modules\qckwinsvc\node_modules\node-windows\lib\wrapper.js" -f "D:\Software Development Projects\Web Site 2016\app.js" -l "Media-Server" -g 0.25 -w 1 -r 3 -a n
2017-10-24 11:08:29 - Started 3316
2017-10-24 11:14:31 - Stopping mediaserver.exe
2017-10-24 11:14:31 - ProcessKill 3316
2017-10-24 11:14:31 - Finished mediaserver.exe
2017-10-24 11:14:32 - Starting D:\Program Files\nodejs\node.exe --harmony "C:\Users\Ivan\AppData\Roaming\npm\node_modules\qckwinsvc\node_modules\node-windows\lib\wrapper.js" -f "D:\Software Development Projects\Web Site 2016\app.js" -l "Media-Server" -g 0.25 -w 1 -r 3 -a n
2017-10-24 11:14:32 - Started 12488
2017-10-24 13:27:24 - Stopping mediaserver.exe
2017-10-24 13:27:24 - ProcessKill 12488
2017-10-24 13:27:24 - Finished mediaserver.exe
2017-10-24 13:27:25 - Starting D:\Program Files\nodejs\node.exe --harmony "C:\Users\Ivan\AppData\Roaming\npm\node_modules\qckwinsvc\node_modules\node-windows\lib\wrapper.js" -f "D:\Software Development Projects\Web Site 2016\app.js" -l "Media-Server" -g 0.25 -w 1 -r 3 -a n
2017-10-24 13:27:25 - Started 13092
2017-10-24 13:36:55 - Starting D:\Program Files\nodejs\node.exe --harmony "C:\Users\Ivan\AppData\Roaming\npm\node_modules\qckwinsvc\node_modules\node-windows\lib\wrapper.js" -f "D:\Software Development Projects\Web Site 2016\app.js" -l "Media-Server" -g 0.25 -w 1 -r 3 -a n
2017-10-24 13:36:55 - Started 5996
2017-10-24 13:41:35 - Stopping mediaserver.exe
2017-10-24 13:41:35 - ProcessKill 5996
2017-10-24 13:41:35 - Finished mediaserver.exe
2017-10-24 13:41:36 - Starting D:\Program Files\nodejs\node.exe --harmony "C:\Users\Ivan\AppData\Roaming\npm\node_modules\qckwinsvc\node_modules\node-windows\lib\wrapper.js" -f "D:\Software Development Projects\Web Site 2016\app.js" -l "Media-Server" -g 0.25 -w 1 -r 3 -a n
2017-10-24 13:41:36 - Started 15180
2017-11-14 17:53:04 - Stopping mediaserver.exe
2017-11-14 17:53:04 - ProcessKill 15180
2017-11-14 17:53:04 - Finished mediaserver.exe
2017-11-14 17:56:48 - Starting D:\Program Files\nodejs\node.exe --harmony "C:\Users\Ivan\AppData\Roaming\npm\node_modules\qckwinsvc\node_modules\node-windows\lib\wrapper.js" -f "D:\Software Development Projects\Web Site 2016\app.js" -l "Media-Server" -g 0.25 -w 1 -r 3 -a n
2017-11-14 17:56:48 - Started 6556
2017-11-23 17:45:36 - Stopping mediaserver.exe
2017-11-23 17:45:36 - ProcessKill 6556
2017-11-23 17:45:36 - Finished mediaserver.exe
2017-11-23 17:50:01 - Starting D:\Program Files\nodejs\node.exe --harmony "C:\Users\Ivan\AppData\Roaming\npm\node_modules\qckwinsvc\node_modules\node-windows\lib\wrapper.js" -f "D:\Software Development Projects\Web Site 2016\app.js" -l "Media-Server" -g 0.25 -w 1 -r 3 -a n
2017-11-23 17:50:02 - Started 5064
2017-12-13 02:07:45 - Stopping mediaserver.exe
2017-12-13 02:07:46 - ProcessKill 5064
2017-12-13 02:07:46 - Finished mediaserver.exe
2017-12-13 02:11:17 - Starting D:\Program Files\nodejs\node.exe --harmony "C:\Users\Ivan\AppData\Roaming\npm\node_modules\qckwinsvc\node_modules\node-windows\lib\wrapper.js" -f "D:\Software Development Projects\Web Site 2016\app.js" -l "Media-Server" -g 0.25 -w 1 -r 3 -a n
2017-12-13 02:11:18 - Started 4072
2017-12-15 18:27:09 - Stopping mediaserver.exe
2017-12-15 18:27:10 - ProcessKill 4072
2017-12-15 18:27:10 - Finished mediaserver.exe
2017-12-15 18:31:23 - Starting D:\Program Files\nodejs\node.exe --harmony "C:\Users\Ivan\AppData\Roaming\npm\node_modules\qckwinsvc\node_modules\node-windows\lib\wrapper.js" -f "D:\Software Development Projects\Web Site 2016\app.js" -l "Media-Server" -g 0.25 -w 1 -r 3 -a n
2017-12-15 18:31:24 - Started 10500
2018-01-04 05:09:31 - Stopping mediaserver.exe
2018-01-04 05:09:31 - ProcessKill 10500
2018-01-04 05:09:31 - Finished mediaserver.exe
2018-01-04 09:28:14 - Starting D:\Program Files\nodejs\node.exe --harmony "C:\Users\Ivan\AppData\Roaming\npm\node_modules\qckwinsvc\node_modules\node-windows\lib\wrapper.js" -f "D:\Software Development Projects\Web Site 2016\app.js" -l "Media-Server" -g 0.25 -w 1 -r 3 -a n
2018-01-04 09:28:14 - Started 10156
2018-01-23 14:50:26 - Stopping mediaserver.exe
2018-01-23 14:50:26 - ProcessKill 10156
2018-01-23 14:50:26 - Finished mediaserver.exe
2018-01-23 14:50:28 - Starting D:\Program Files\nodejs\node.exe --harmony "C:\Users\Ivan\AppData\Roaming\npm\node_modules\qckwinsvc\node_modules\node-windows\lib\wrapper.js" -f "D:\Software Development Projects\Web Site 2016\app.js" -l "Media-Server" -g 0.25 -w 1 -r 3 -a n
2018-01-23 14:50:29 - Started 14524
2018-01-23 16:51:57 - Stopping mediaserver.exe
2018-01-23 16:51:57 - ProcessKill 14524
2018-01-23 16:51:57 - Finished mediaserver.exe
2018-01-23 18:20:39 - Starting D:\Program Files\nodejs\node.exe --harmony "C:\Users\Ivan\AppData\Roaming\npm\node_modules\qckwinsvc\node_modules\node-windows\lib\wrapper.js" -f "D:\Software Development Projects\Web Site 2016\app.js" -l "Media-Server" -g 0.25 -w 1 -r 3 -a n
2018-01-23 18:20:39 - Started 2208
2018-01-24 21:03:17 - Stopping mediaserver.exe
2018-01-24 21:03:17 - ProcessKill 2208
2018-01-24 21:03:17 - Finished mediaserver.exe
2018-01-24 21:08:42 - Starting D:\Program Files\nodejs\node.exe --harmony "C:\Users\Ivan\AppData\Roaming\npm\node_modules\qckwinsvc\node_modules\node-windows\lib\wrapper.js" -f "D:\Software Development Projects\Web Site 2016\app.js" -l "Media-Server" -g 0.25 -w 1 -r 3 -a n
2018-01-24 21:08:42 - Started 10608
2018-02-06 17:31:12 - Starting D:\Program Files\nodejs\node.exe --harmony "C:\Users\Ivan\AppData\Roaming\npm\node_modules\qckwinsvc\node_modules\node-windows\lib\wrapper.js" -f "D:\Software Development Projects\Web Site 2016\app.js" -l "Media-Server" -g 0.25 -w 1 -r 3 -a n
2018-02-06 17:31:13 - Started 7652
2018-02-13 21:09:33 - Stopping mediaserver.exe
2018-02-13 21:09:33 - ProcessKill 7652
2018-02-13 21:09:33 - Finished mediaserver.exe
2018-02-13 21:13:25 - Starting D:\Program Files\nodejs\node.exe --harmony "C:\Users\Ivan\AppData\Roaming\npm\node_modules\qckwinsvc\node_modules\node-windows\lib\wrapper.js" -f "D:\Software Development Projects\Web Site 2016\app.js" -l "Media-Server" -g 0.25 -w 1 -r 3 -a n
2018-02-13 21:13:26 - Started 5144
2018-02-13 21:16:21 - Stopping mediaserver.exe
2018-02-13 21:16:21 - ProcessKill 5144
2018-02-13 21:16:21 - Finished mediaserver.exe
2018-02-13 21:20:02 - Starting D:\Program Files\nodejs\node.exe --harmony "C:\Users\Ivan\AppData\Roaming\npm\node_modules\qckwinsvc\node_modules\node-windows\lib\wrapper.js" -f "D:\Software Development Projects\Web Site 2016\app.js" -l "Media-Server" -g 0.25 -w 1 -r 3 -a n
2018-02-13 21:20:03 - Started 6316
