Thu, 14 Jul 2016 19:09:32 GMT express-session deprecated undefined resave option; provide resave option at D:\Software Development Projects\Web Site 2016\app.js:42:9
Thu, 14 Jul 2016 19:09:32 GMT express-session deprecated undefined saveUninitialized option; provide saveUninitialized option at D:\Software Development Projects\Web Site 2016\app.js:42:9
Error: Failed to lookup view "portfolio" in views directory "./src/views"
    at EventEmitter.render (D:\Software Development Projects\Web Site 2016\node_modules\express\lib\application.js:579:17)
    at ServerResponse.render (D:\Software Development Projects\Web Site 2016\node_modules\express\lib\response.js:961:7)
    at D:\Software Development Projects\Web Site 2016\app.js:67:9
    at Layer.handle [as handle_request] (D:\Software Development Projects\Web Site 2016\node_modules\express\lib\router\layer.js:95:5)
    at next (D:\Software Development Projects\Web Site 2016\node_modules\express\lib\router\route.js:131:13)
    at Route.dispatch (D:\Software Development Projects\Web Site 2016\node_modules\express\lib\router\route.js:112:3)
    at Layer.handle [as handle_request] (D:\Software Development Projects\Web Site 2016\node_modules\express\lib\router\layer.js:95:5)
    at D:\Software Development Projects\Web Site 2016\node_modules\express\lib\router\index.js:277:22
    at Function.process_params (D:\Software Development Projects\Web Site 2016\node_modules\express\lib\router\index.js:330:12)
    at next (D:\Software Development Projects\Web Site 2016\node_modules\express\lib\router\index.js:271:10)
Error: Failed to lookup view "portfolio" in views directory "./src/views"
    at EventEmitter.render (D:\Software Development Projects\Web Site 2016\node_modules\express\lib\application.js:579:17)
    at ServerResponse.render (D:\Software Development Projects\Web Site 2016\node_modules\express\lib\response.js:961:7)
    at D:\Software Development Projects\Web Site 2016\app.js:67:9
    at Layer.handle [as handle_request] (D:\Software Development Projects\Web Site 2016\node_modules\express\lib\router\layer.js:95:5)
    at next (D:\Software Development Projects\Web Site 2016\node_modules\express\lib\router\route.js:131:13)
    at Route.dispatch (D:\Software Development Projects\Web Site 2016\node_modules\express\lib\router\route.js:112:3)
    at Layer.handle [as handle_request] (D:\Software Development Projects\Web Site 2016\node_modules\express\lib\router\layer.js:95:5)
    at D:\Software Development Projects\Web Site 2016\node_modules\express\lib\router\index.js:277:22
    at Function.process_params (D:\Software Development Projects\Web Site 2016\node_modules\express\lib\router\index.js:330:12)
    at next (D:\Software Development Projects\Web Site 2016\node_modules\express\lib\router\index.js:271:10)
Thu, 14 Jul 2016 19:16:21 GMT express-session deprecated undefined resave option; provide resave option at D:\Software Development Projects\Web Site 2016\app.js:42:9
Thu, 14 Jul 2016 19:16:21 GMT express-session deprecated undefined saveUninitialized option; provide saveUninitialized option at D:\Software Development Projects\Web Site 2016\app.js:42:9
Error: Failed to lookup view "contact" in views directory "./src/views"
    at EventEmitter.render (D:\Software Development Projects\Web Site 2016\node_modules\express\lib\application.js:579:17)
    at ServerResponse.render (D:\Software Development Projects\Web Site 2016\node_modules\express\lib\response.js:961:7)
    at D:\Software Development Projects\Web Site 2016\src\routes\adminroutes.js:908:13
    at Layer.handle [as handle_request] (D:\Software Development Projects\Web Site 2016\node_modules\express\lib\router\layer.js:95:5)
    at next (D:\Software Development Projects\Web Site 2016\node_modules\express\lib\router\route.js:131:13)
    at Route.dispatch (D:\Software Development Projects\Web Site 2016\node_modules\express\lib\router\route.js:112:3)
    at Layer.handle [as handle_request] (D:\Software Development Projects\Web Site 2016\node_modules\express\lib\router\layer.js:95:5)
    at D:\Software Development Projects\Web Site 2016\node_modules\express\lib\router\index.js:277:22
    at Function.process_params (D:\Software Development Projects\Web Site 2016\node_modules\express\lib\router\index.js:330:12)
    at next (D:\Software Development Projects\Web Site 2016\node_modules\express\lib\router\index.js:271:10)
Thu, 14 Jul 2016 19:20:45 GMT express-session deprecated undefined resave option; provide resave option at D:\Software Development Projects\Web Site 2016\app.js:51:9
Thu, 14 Jul 2016 19:20:45 GMT express-session deprecated undefined saveUninitialized option; provide saveUninitialized option at D:\Software Development Projects\Web Site 2016\app.js:51:9
Error: Failed to lookup view "gallery" in views directory "./src/views"
    at EventEmitter.render (D:\Software Development Projects\Web Site 2016\node_modules\express\lib\application.js:579:17)
    at ServerResponse.render (D:\Software Development Projects\Web Site 2016\node_modules\express\lib\response.js:961:7)
    at D:\Software Development Projects\Web Site 2016\src\routes\galleryroutes.js:28:21
    at handleCallback (D:\Software Development Projects\Web Site 2016\node_modules\mongodb\lib\utils.js:96:12)
    at D:\Software Development Projects\Web Site 2016\node_modules\mongodb\lib\cursor.js:839:16
    at handleCallback (D:\Software Development Projects\Web Site 2016\node_modules\mongodb-core\lib\cursor.js:159:5)
    at setCursorDeadAndNotified (D:\Software Development Projects\Web Site 2016\node_modules\mongodb-core\lib\cursor.js:497:3)
    at nextFunction (D:\Software Development Projects\Web Site 2016\node_modules\mongodb-core\lib\cursor.js:648:7)
    at Cursor.next [as _next] (D:\Software Development Projects\Web Site 2016\node_modules\mongodb-core\lib\cursor.js:689:3)
    at fetchDocs (D:\Software Development Projects\Web Site 2016\node_modules\mongodb\lib\cursor.js:835:10)
Error: Failed to lookup view "website" in views directory "./src/views"
    at EventEmitter.render (D:\Software Development Projects\Web Site 2016\node_modules\express\lib\application.js:579:17)
    at ServerResponse.render (D:\Software Development Projects\Web Site 2016\node_modules\express\lib\response.js:961:7)
    at getApp (D:\Software Development Projects\Web Site 2016\src\controllers\appController.js:12:13)
    at Layer.handle [as handle_request] (D:\Software Development Projects\Web Site 2016\node_modules\express\lib\router\layer.js:95:5)
    at next (D:\Software Development Projects\Web Site 2016\node_modules\express\lib\router\route.js:131:13)
    at Route.dispatch (D:\Software Development Projects\Web Site 2016\node_modules\express\lib\router\route.js:112:3)
    at Layer.handle [as handle_request] (D:\Software Development Projects\Web Site 2016\node_modules\express\lib\router\layer.js:95:5)
    at D:\Software Development Projects\Web Site 2016\node_modules\express\lib\router\index.js:277:22
    at param (D:\Software Development Projects\Web Site 2016\node_modules\express\lib\router\index.js:349:14)
    at param (D:\Software Development Projects\Web Site 2016\node_modules\express\lib\router\index.js:365:14)
Error: Failed to lookup view "portfolio" in views directory "./src/views"
    at EventEmitter.render (D:\Software Development Projects\Web Site 2016\node_modules\express\lib\application.js:579:17)
    at ServerResponse.render (D:\Software Development Projects\Web Site 2016\node_modules\express\lib\response.js:961:7)
    at D:\Software Development Projects\Web Site 2016\app.js:76:9
    at Layer.handle [as handle_request] (D:\Software Development Projects\Web Site 2016\node_modules\express\lib\router\layer.js:95:5)
    at next (D:\Software Development Projects\Web Site 2016\node_modules\express\lib\router\route.js:131:13)
    at Route.dispatch (D:\Software Development Projects\Web Site 2016\node_modules\express\lib\router\route.js:112:3)
    at Layer.handle [as handle_request] (D:\Software Development Projects\Web Site 2016\node_modules\express\lib\router\layer.js:95:5)
    at D:\Software Development Projects\Web Site 2016\node_modules\express\lib\router\index.js:277:22
    at Function.process_params (D:\Software Development Projects\Web Site 2016\node_modules\express\lib\router\index.js:330:12)
    at next (D:\Software Development Projects\Web Site 2016\node_modules\express\lib\router\index.js:271:10)
Error: Failed to lookup view "portfolio" in views directory "./src/views"
    at EventEmitter.render (D:\Software Development Projects\Web Site 2016\node_modules\express\lib\application.js:579:17)
    at ServerResponse.render (D:\Software Development Projects\Web Site 2016\node_modules\express\lib\response.js:961:7)
    at D:\Software Development Projects\Web Site 2016\app.js:76:9
    at Layer.handle [as handle_request] (D:\Software Development Projects\Web Site 2016\node_modules\express\lib\router\layer.js:95:5)
    at next (D:\Software Development Projects\Web Site 2016\node_modules\express\lib\router\route.js:131:13)
    at Route.dispatch (D:\Software Development Projects\Web Site 2016\node_modules\express\lib\router\route.js:112:3)
    at Layer.handle [as handle_request] (D:\Software Development Projects\Web Site 2016\node_modules\express\lib\router\layer.js:95:5)
    at D:\Software Development Projects\Web Site 2016\node_modules\express\lib\router\index.js:277:22
    at Function.process_params (D:\Software Development Projects\Web Site 2016\node_modules\express\lib\router\index.js:330:12)
    at next (D:\Software Development Projects\Web Site 2016\node_modules\express\lib\router\index.js:271:10)
Thu, 14 Jul 2016 19:41:06 GMT express-session deprecated undefined resave option; provide resave option at D:\Software Development Projects\Web Site 2016\app.js:52:9
Thu, 14 Jul 2016 19:41:06 GMT express-session deprecated undefined saveUninitialized option; provide saveUninitialized option at D:\Software Development Projects\Web Site 2016\app.js:52:9
Thu, 14 Jul 2016 20:23:25 GMT express-session deprecated undefined resave option; provide resave option at D:\Software Development Projects\Web Site 2016\app.js:52:9
Thu, 14 Jul 2016 20:23:25 GMT express-session deprecated undefined saveUninitialized option; provide saveUninitialized option at D:\Software Development Projects\Web Site 2016\app.js:52:9
Thu, 14 Jul 2016 20:24:19 GMT express-session deprecated undefined resave option; provide resave option at D:\Software Development Projects\Web Site 2016\app.js:53:9
Thu, 14 Jul 2016 20:24:19 GMT express-session deprecated undefined saveUninitialized option; provide saveUninitialized option at D:\Software Development Projects\Web Site 2016\app.js:53:9
Fri, 15 Jul 2016 14:41:56 GMT express-session deprecated undefined resave option; provide resave option at D:\Software Development Projects\Web Site 2016\app.js:54:9
Fri, 15 Jul 2016 14:41:56 GMT express-session deprecated undefined saveUninitialized option; provide saveUninitialized option at D:\Software Development Projects\Web Site 2016\app.js:54:9
Mon, 18 Jul 2016 14:42:59 GMT express-session deprecated undefined resave option; provide resave option at D:\Software Development Projects\Web Site 2016\app.js:54:9
Mon, 18 Jul 2016 14:42:59 GMT express-session deprecated undefined saveUninitialized option; provide saveUninitialized option at D:\Software Development Projects\Web Site 2016\app.js:54:9
Sat, 30 Jul 2016 12:54:01 GMT express-session deprecated undefined resave option; provide resave option at D:\Software Development Projects\Web Site 2016\app.js:55:9
Sat, 30 Jul 2016 12:54:01 GMT express-session deprecated undefined saveUninitialized option; provide saveUninitialized option at D:\Software Development Projects\Web Site 2016\app.js:55:9
module.js:341
    throw err;
    ^

Error: Cannot find module './app/index'
    at Function.Module._resolveFilename (module.js:339:15)
    at Function.Module._load (module.js:290:25)
    at Module.require (module.js:367:17)
    at require (internal/module.js:16:19)
    at Object.<anonymous> (D:\Software Development Projects\Web Site 2016\app.js:78:17)
    at Module._compile (module.js:413:34)
    at Object.Module._extensions..js (module.js:422:10)
    at Module.load (module.js:357:32)
    at Function.Module._load (module.js:314:12)
    at Function.Module.runMain (module.js:447:10)
Sat, 30 Jul 2016 12:54:03 GMT express-session deprecated undefined resave option; provide resave option at D:\Software Development Projects\Web Site 2016\app.js:55:9
Sat, 30 Jul 2016 12:54:03 GMT express-session deprecated undefined saveUninitialized option; provide saveUninitialized option at D:\Software Development Projects\Web Site 2016\app.js:55:9
module.js:341
    throw err;
    ^

Error: Cannot find module './app/index'
    at Function.Module._resolveFilename (module.js:339:15)
    at Function.Module._load (module.js:290:25)
    at Module.require (module.js:367:17)
    at require (internal/module.js:16:19)
    at Object.<anonymous> (D:\Software Development Projects\Web Site 2016\app.js:78:17)
    at Module._compile (module.js:413:34)
    at Object.Module._extensions..js (module.js:422:10)
    at Module.load (module.js:357:32)
    at Function.Module._load (module.js:314:12)
    at Function.Module.runMain (module.js:447:10)
Sat, 30 Jul 2016 12:54:05 GMT express-session deprecated undefined resave option; provide resave option at D:\Software Development Projects\Web Site 2016\app.js:55:9
Sat, 30 Jul 2016 12:54:05 GMT express-session deprecated undefined saveUninitialized option; provide saveUninitialized option at D:\Software Development Projects\Web Site 2016\app.js:55:9
module.js:341
    throw err;
    ^

Error: Cannot find module './app/index'
    at Function.Module._resolveFilename (module.js:339:15)
    at Function.Module._load (module.js:290:25)
    at Module.require (module.js:367:17)
    at require (internal/module.js:16:19)
    at Object.<anonymous> (D:\Software Development Projects\Web Site 2016\app.js:78:17)
    at Module._compile (module.js:413:34)
    at Object.Module._extensions..js (module.js:422:10)
    at Module.load (module.js:357:32)
    at Function.Module._load (module.js:314:12)
    at Function.Module.runMain (module.js:447:10)
Sat, 30 Jul 2016 13:07:33 GMT express-session deprecated undefined resave option; provide resave option at D:\Software Development Projects\Web Site 2016\app.js:55:9
Sat, 30 Jul 2016 13:07:33 GMT express-session deprecated undefined saveUninitialized option; provide saveUninitialized option at D:\Software Development Projects\Web Site 2016\app.js:55:9
module.js:341
    throw err;
    ^

Error: Cannot find module './app/index'
    at Function.Module._resolveFilename (module.js:339:15)
    at Function.Module._load (module.js:290:25)
    at Module.require (module.js:367:17)
    at require (internal/module.js:16:19)
    at Object.<anonymous> (D:\Software Development Projects\Web Site 2016\app.js:78:17)
    at Module._compile (module.js:413:34)
    at Object.Module._extensions..js (module.js:422:10)
    at Module.load (module.js:357:32)
    at Function.Module._load (module.js:314:12)
    at Function.Module.runMain (module.js:447:10)
Sat, 30 Jul 2016 13:07:35 GMT express-session deprecated undefined resave option; provide resave option at D:\Software Development Projects\Web Site 2016\app.js:55:9
Sat, 30 Jul 2016 13:07:35 GMT express-session deprecated undefined saveUninitialized option; provide saveUninitialized option at D:\Software Development Projects\Web Site 2016\app.js:55:9
module.js:341
    throw err;
    ^

Error: Cannot find module './app/index'
    at Function.Module._resolveFilename (module.js:339:15)
    at Function.Module._load (module.js:290:25)
    at Module.require (module.js:367:17)
    at require (internal/module.js:16:19)
    at Object.<anonymous> (D:\Software Development Projects\Web Site 2016\app.js:78:17)
    at Module._compile (module.js:413:34)
    at Object.Module._extensions..js (module.js:422:10)
    at Module.load (module.js:357:32)
    at Function.Module._load (module.js:314:12)
    at Function.Module.runMain (module.js:447:10)
Sat, 30 Jul 2016 13:07:37 GMT express-session deprecated undefined resave option; provide resave option at D:\Software Development Projects\Web Site 2016\app.js:55:9
Sat, 30 Jul 2016 13:07:37 GMT express-session deprecated undefined saveUninitialized option; provide saveUninitialized option at D:\Software Development Projects\Web Site 2016\app.js:55:9
module.js:341
    throw err;
    ^

Error: Cannot find module './app/index'
    at Function.Module._resolveFilename (module.js:339:15)
    at Function.Module._load (module.js:290:25)
    at Module.require (module.js:367:17)
    at require (internal/module.js:16:19)
    at Object.<anonymous> (D:\Software Development Projects\Web Site 2016\app.js:78:17)
    at Module._compile (module.js:413:34)
    at Object.Module._extensions..js (module.js:422:10)
    at Module.load (module.js:357:32)
    at Function.Module._load (module.js:314:12)
    at Function.Module.runMain (module.js:447:10)
Sat, 30 Jul 2016 13:17:27 GMT express-session deprecated undefined resave option; provide resave option at D:\Software Development Projects\Web Site 2016\app.js:55:9
Sat, 30 Jul 2016 13:17:27 GMT express-session deprecated undefined saveUninitialized option; provide saveUninitialized option at D:\Software Development Projects\Web Site 2016\app.js:55:9
Mon, 01 Aug 2016 13:16:59 GMT express-session deprecated undefined resave option; provide resave option at D:\Software Development Projects\Web Site 2016\app.js:55:9
Mon, 01 Aug 2016 13:16:59 GMT express-session deprecated undefined saveUninitialized option; provide saveUninitialized option at D:\Software Development Projects\Web Site 2016\app.js:55:9
Wed, 03 Aug 2016 14:13:12 GMT express-session deprecated undefined resave option; provide resave option at D:\Software Development Projects\Web Site 2016\app.js:55:9
Wed, 03 Aug 2016 14:13:12 GMT express-session deprecated undefined saveUninitialized option; provide saveUninitialized option at D:\Software Development Projects\Web Site 2016\app.js:55:9
Wed, 03 Aug 2016 15:54:16 GMT express-session deprecated undefined resave option; provide resave option at D:\Software Development Projects\Web Site 2016\app.js:53:9
Wed, 03 Aug 2016 15:54:16 GMT express-session deprecated undefined saveUninitialized option; provide saveUninitialized option at D:\Software Development Projects\Web Site 2016\app.js:53:9
Thu, 04 Aug 2016 13:53:10 GMT express-session deprecated undefined resave option; provide resave option at D:\Software Development Projects\Web Site 2016\app.js:53:9
Thu, 04 Aug 2016 13:53:10 GMT express-session deprecated undefined saveUninitialized option; provide saveUninitialized option at D:\Software Development Projects\Web Site 2016\app.js:53:9
Thu, 04 Aug 2016 16:59:30 GMT express-session deprecated undefined resave option; provide resave option at D:\Software Development Projects\Web Site 2016\app.js:53:9
Thu, 04 Aug 2016 16:59:30 GMT express-session deprecated undefined saveUninitialized option; provide saveUninitialized option at D:\Software Development Projects\Web Site 2016\app.js:53:9
Fri, 05 Aug 2016 13:52:52 GMT express-session deprecated undefined resave option; provide resave option at D:\Software Development Projects\Web Site 2016\app.js:53:9
Fri, 05 Aug 2016 13:52:52 GMT express-session deprecated undefined saveUninitialized option; provide saveUninitialized option at D:\Software Development Projects\Web Site 2016\app.js:53:9
Fri, 05 Aug 2016 22:52:01 GMT express-session deprecated undefined resave option; provide resave option at D:\Software Development Projects\Web Site 2016\app.js:42:9
Fri, 05 Aug 2016 22:52:01 GMT express-session deprecated undefined saveUninitialized option; provide saveUninitialized option at D:\Software Development Projects\Web Site 2016\app.js:42:9
Fri, 05 Aug 2016 23:06:49 GMT express-session deprecated undefined resave option; provide resave option at D:\Software Development Projects\Web Site 2016\app.js:42:9
Fri, 05 Aug 2016 23:06:49 GMT express-session deprecated undefined saveUninitialized option; provide saveUninitialized option at D:\Software Development Projects\Web Site 2016\app.js:42:9
Error: Failed to lookup view "layout-mode" in views directory "./src/views"
    at EventEmitter.render (D:\Software Development Projects\node_modules\express\lib\application.js:579:17)
    at ServerResponse.render (D:\Software Development Projects\node_modules\express\lib\response.js:961:7)
    at getApp (D:\Software Development Projects\Web Site 2016\src\controllers\appController.js:12:13)
    at Layer.handle [as handle_request] (D:\Software Development Projects\node_modules\express\lib\router\layer.js:95:5)
    at next (D:\Software Development Projects\node_modules\express\lib\router\route.js:131:13)
    at Route.dispatch (D:\Software Development Projects\node_modules\express\lib\router\route.js:112:3)
    at Layer.handle [as handle_request] (D:\Software Development Projects\node_modules\express\lib\router\layer.js:95:5)
    at D:\Software Development Projects\node_modules\express\lib\router\index.js:277:22
    at param (D:\Software Development Projects\node_modules\express\lib\router\index.js:349:14)
    at param (D:\Software Development Projects\node_modules\express\lib\router\index.js:365:14)
Error: Failed to lookup view "item" in views directory "./src/views"
    at EventEmitter.render (D:\Software Development Projects\node_modules\express\lib\application.js:579:17)
    at ServerResponse.render (D:\Software Development Projects\node_modules\express\lib\response.js:961:7)
    at getApp (D:\Software Development Projects\Web Site 2016\src\controllers\appController.js:12:13)
    at Layer.handle [as handle_request] (D:\Software Development Projects\node_modules\express\lib\router\layer.js:95:5)
    at next (D:\Software Development Projects\node_modules\express\lib\router\route.js:131:13)
    at Route.dispatch (D:\Software Development Projects\node_modules\express\lib\router\route.js:112:3)
    at Layer.handle [as handle_request] (D:\Software Development Projects\node_modules\express\lib\router\layer.js:95:5)
    at D:\Software Development Projects\node_modules\express\lib\router\index.js:277:22
    at param (D:\Software Development Projects\node_modules\express\lib\router\index.js:349:14)
    at param (D:\Software Development Projects\node_modules\express\lib\router\index.js:365:14)
Error: Failed to lookup view "g," in views directory "./src/views"
    at EventEmitter.render (D:\Software Development Projects\node_modules\express\lib\application.js:579:17)
    at ServerResponse.render (D:\Software Development Projects\node_modules\express\lib\response.js:961:7)
    at getApp (D:\Software Development Projects\Web Site 2016\src\controllers\appController.js:12:13)
    at Layer.handle [as handle_request] (D:\Software Development Projects\node_modules\express\lib\router\layer.js:95:5)
    at next (D:\Software Development Projects\node_modules\express\lib\router\route.js:131:13)
    at Route.dispatch (D:\Software Development Projects\node_modules\express\lib\router\route.js:112:3)
    at Layer.handle [as handle_request] (D:\Software Development Projects\node_modules\express\lib\router\layer.js:95:5)
    at D:\Software Development Projects\node_modules\express\lib\router\index.js:277:22
    at param (D:\Software Development Projects\node_modules\express\lib\router\index.js:349:14)
    at param (D:\Software Development Projects\node_modules\express\lib\router\index.js:365:14)
D:\Software Development Projects\node_modules\mongodb\lib\utils.js:98
    process.nextTick(function() { throw err; });
                                  ^

TypeError: Cannot read property 'theme' of undefined
    at oncomplete (D:\Software Development Projects\Web Site 2016\src\routes\adminroutes.js:271:49)
    at D:\Software Development Projects\Web Site 2016\src\routes\adminroutes.js:335:33
    at handleCallback (D:\Software Development Projects\node_modules\mongodb\lib\utils.js:96:12)
    at D:\Software Development Projects\node_modules\mongodb\lib\collection.js:1357:5
    at handleCallback (D:\Software Development Projects\node_modules\mongodb\lib\utils.js:96:12)
    at D:\Software Development Projects\node_modules\mongodb\lib\cursor.js:661:5
    at handleCallback (D:\Software Development Projects\node_modules\mongodb-core\lib\cursor.js:159:5)
    at nextFunction (D:\Software Development Projects\node_modules\mongodb-core\lib\cursor.js:679:5)
    at D:\Software Development Projects\node_modules\mongodb-core\lib\cursor.js:581:7
    at queryCallback (D:\Software Development Projects\node_modules\mongodb-core\lib\cursor.js:220:18)
Sat, 06 Aug 2016 17:20:52 GMT express-session deprecated undefined resave option; provide resave option at D:\Software Development Projects\Web Site 2016\app.js:42:9
Sat, 06 Aug 2016 17:20:52 GMT express-session deprecated undefined saveUninitialized option; provide saveUninitialized option at D:\Software Development Projects\Web Site 2016\app.js:42:9
D:\Software Development Projects\node_modules\express\lib\router\route.js:196
        throw new Error(msg);
        ^

Error: Route.get() requires callback functions but got a [object Undefined]
    at Route.(anonymous function) [as get] (D:\Software Development Projects\node_modules\express\lib\router\route.js:196:15)
    at router (D:\Software Development Projects\Web Site 2016\src\routes\approutes.js:16:42)
    at Object.<anonymous> (D:\Software Development Projects\Web Site 2016\app.js:23:50)
    at Module._compile (module.js:413:34)
    at Object.Module._extensions..js (module.js:422:10)
    at Module.load (module.js:357:32)
    at Function.Module._load (module.js:314:12)
    at Function.Module.runMain (module.js:447:10)
    at startup (node.js:146:18)
    at node.js:404:3
D:\Software Development Projects\node_modules\express\lib\router\route.js:196
        throw new Error(msg);
        ^

Error: Route.get() requires callback functions but got a [object Undefined]
    at Route.(anonymous function) [as get] (D:\Software Development Projects\node_modules\express\lib\router\route.js:196:15)
    at router (D:\Software Development Projects\Web Site 2016\src\routes\approutes.js:16:42)
    at Object.<anonymous> (D:\Software Development Projects\Web Site 2016\app.js:23:50)
    at Module._compile (module.js:413:34)
    at Object.Module._extensions..js (module.js:422:10)
    at Module.load (module.js:357:32)
    at Function.Module._load (module.js:314:12)
    at Function.Module.runMain (module.js:447:10)
    at startup (node.js:146:18)
    at node.js:404:3
D:\Software Development Projects\node_modules\express\lib\router\route.js:196
        throw new Error(msg);
        ^

Error: Route.get() requires callback functions but got a [object Undefined]
    at Route.(anonymous function) [as get] (D:\Software Development Projects\node_modules\express\lib\router\route.js:196:15)
    at router (D:\Software Development Projects\Web Site 2016\src\routes\approutes.js:16:42)
    at Object.<anonymous> (D:\Software Development Projects\Web Site 2016\app.js:23:50)
    at Module._compile (module.js:413:34)
    at Object.Module._extensions..js (module.js:422:10)
    at Module.load (module.js:357:32)
    at Function.Module._load (module.js:314:12)
    at Function.Module.runMain (module.js:447:10)
    at startup (node.js:146:18)
    at node.js:404:3
D:\Software Development Projects\node_modules\express\lib\router\route.js:196
        throw new Error(msg);
        ^

Error: Route.get() requires callback functions but got a [object Undefined]
    at Route.(anonymous function) [as get] (D:\Software Development Projects\node_modules\express\lib\router\route.js:196:15)
    at router (D:\Software Development Projects\Web Site 2016\src\routes\approutes.js:16:42)
    at Object.<anonymous> (D:\Software Development Projects\Web Site 2016\app.js:23:50)
    at Module._compile (module.js:413:34)
    at Object.Module._extensions..js (module.js:422:10)
    at Module.load (module.js:357:32)
    at Function.Module._load (module.js:314:12)
    at Function.Module.runMain (module.js:447:10)
    at startup (node.js:146:18)
    at node.js:404:3
D:\Software Development Projects\node_modules\express\lib\router\route.js:196
        throw new Error(msg);
        ^

Error: Route.get() requires callback functions but got a [object Undefined]
    at Route.(anonymous function) [as get] (D:\Software Development Projects\node_modules\express\lib\router\route.js:196:15)
    at router (D:\Software Development Projects\Web Site 2016\src\routes\approutes.js:16:42)
    at Object.<anonymous> (D:\Software Development Projects\Web Site 2016\app.js:23:50)
    at Module._compile (module.js:413:34)
    at Object.Module._extensions..js (module.js:422:10)
    at Module.load (module.js:357:32)
    at Function.Module._load (module.js:314:12)
    at Function.Module.runMain (module.js:447:10)
    at startup (node.js:146:18)
    at node.js:404:3
D:\Software Development Projects\node_modules\express\lib\router\route.js:196
        throw new Error(msg);
        ^

Error: Route.get() requires callback functions but got a [object Undefined]
    at Route.(anonymous function) [as get] (D:\Software Development Projects\node_modules\express\lib\router\route.js:196:15)
    at router (D:\Software Development Projects\Web Site 2016\src\routes\approutes.js:16:42)
    at Object.<anonymous> (D:\Software Development Projects\Web Site 2016\app.js:23:50)
    at Module._compile (module.js:413:34)
    at Object.Module._extensions..js (module.js:422:10)
    at Module.load (module.js:357:32)
    at Function.Module._load (module.js:314:12)
    at Function.Module.runMain (module.js:447:10)
    at startup (node.js:146:18)
    at node.js:404:3
D:\Software Development Projects\node_modules\express\lib\router\route.js:196
        throw new Error(msg);
        ^

Error: Route.get() requires callback functions but got a [object Undefined]
    at Route.(anonymous function) [as get] (D:\Software Development Projects\node_modules\express\lib\router\route.js:196:15)
    at router (D:\Software Development Projects\Web Site 2016\src\routes\approutes.js:16:42)
    at Object.<anonymous> (D:\Software Development Projects\Web Site 2016\app.js:23:50)
    at Module._compile (module.js:413:34)
    at Object.Module._extensions..js (module.js:422:10)
    at Module.load (module.js:357:32)
    at Function.Module._load (module.js:314:12)
    at Function.Module.runMain (module.js:447:10)
    at startup (node.js:146:18)
    at node.js:404:3
D:\Software Development Projects\node_modules\express\lib\router\route.js:196
        throw new Error(msg);
        ^

Error: Route.get() requires callback functions but got a [object Undefined]
    at Route.(anonymous function) [as get] (D:\Software Development Projects\node_modules\express\lib\router\route.js:196:15)
    at router (D:\Software Development Projects\Web Site 2016\src\routes\approutes.js:16:42)
    at Object.<anonymous> (D:\Software Development Projects\Web Site 2016\app.js:23:50)
    at Module._compile (module.js:413:34)
    at Object.Module._extensions..js (module.js:422:10)
    at Module.load (module.js:357:32)
    at Function.Module._load (module.js:314:12)
    at Function.Module.runMain (module.js:447:10)
    at startup (node.js:146:18)
    at node.js:404:3
D:\Software Development Projects\node_modules\express\lib\router\route.js:196
        throw new Error(msg);
        ^

Error: Route.get() requires callback functions but got a [object Undefined]
    at Route.(anonymous function) [as get] (D:\Software Development Projects\node_modules\express\lib\router\route.js:196:15)
    at router (D:\Software Development Projects\Web Site 2016\src\routes\approutes.js:16:42)
    at Object.<anonymous> (D:\Software Development Projects\Web Site 2016\app.js:23:50)
    at Module._compile (module.js:413:34)
    at Object.Module._extensions..js (module.js:422:10)
    at Module.load (module.js:357:32)
    at Function.Module._load (module.js:314:12)
    at Function.Module.runMain (module.js:447:10)
    at startup (node.js:146:18)
    at node.js:404:3
Mon, 08 Aug 2016 23:58:12 GMT express-session deprecated undefined resave option; provide resave option at D:\Software Development Projects\Web Site 2016\app.js:42:9
Mon, 08 Aug 2016 23:58:12 GMT express-session deprecated undefined saveUninitialized option; provide saveUninitialized option at D:\Software Development Projects\Web Site 2016\app.js:42:9
Tue, 09 Aug 2016 00:01:31 GMT express-session deprecated undefined resave option; provide resave option at D:\Software Development Projects\Web Site 2016\app.js:42:9
Tue, 09 Aug 2016 00:01:31 GMT express-session deprecated undefined saveUninitialized option; provide saveUninitialized option at D:\Software Development Projects\Web Site 2016\app.js:42:9
Error: Failed to lookup view "H67signin" in views directory "./src/views"
    at EventEmitter.render (D:\Software Development Projects\node_modules\express\lib\application.js:579:17)
    at ServerResponse.render (D:\Software Development Projects\node_modules\express\lib\response.js:961:7)
    at getApp (D:\Software Development Projects\Web Site 2016\src\controllers\appController.js:12:13)
    at Layer.handle [as handle_request] (D:\Software Development Projects\node_modules\express\lib\router\layer.js:95:5)
    at next (D:\Software Development Projects\node_modules\express\lib\router\route.js:131:13)
    at Route.dispatch (D:\Software Development Projects\node_modules\express\lib\router\route.js:112:3)
    at Layer.handle [as handle_request] (D:\Software Development Projects\node_modules\express\lib\router\layer.js:95:5)
    at D:\Software Development Projects\node_modules\express\lib\router\index.js:277:22
    at param (D:\Software Development Projects\node_modules\express\lib\router\index.js:349:14)
    at param (D:\Software Development Projects\node_modules\express\lib\router\index.js:365:14)
Tue, 09 Aug 2016 14:05:42 GMT express-session deprecated undefined resave option; provide resave option at D:\Software Development Projects\Web Site 2016\app.js:42:9
Tue, 09 Aug 2016 14:05:42 GMT express-session deprecated undefined saveUninitialized option; provide saveUninitialized option at D:\Software Development Projects\Web Site 2016\app.js:42:9
Wed, 10 Aug 2016 23:20:06 GMT express-session deprecated undefined resave option; provide resave option at D:\Software Development Projects\Web Site 2016\app.js:42:9
Wed, 10 Aug 2016 23:20:06 GMT express-session deprecated undefined saveUninitialized option; provide saveUninitialized option at D:\Software Development Projects\Web Site 2016\app.js:42:9
Thu, 11 Aug 2016 07:34:27 GMT express-session deprecated undefined resave option; provide resave option at D:\Software Development Projects\Web Site 2016\app.js:42:9
Thu, 11 Aug 2016 07:34:27 GMT express-session deprecated undefined saveUninitialized option; provide saveUninitialized option at D:\Software Development Projects\Web Site 2016\app.js:42:9
D:\Software Development Projects\node_modules\mongodb\lib\server.js:242
        process.nextTick(function() { throw err; })
                                      ^

TypeError: Cannot read property 'collection' of null
    at D:\Software Development Projects\Web Site 2016\src\config\strategies\local.strategy.js:13:36
    at D:\Software Development Projects\node_modules\mongodb\lib\mongo_client.js:330:20
    at D:\Software Development Projects\node_modules\mongodb\lib\db.js:231:14
    at null.<anonymous> (D:\Software Development Projects\node_modules\mongodb\lib\server.js:240:9)
    at g (events.js:273:16)
    at emitTwo (events.js:100:13)
    at emit (events.js:185:7)
    at null.<anonymous> (D:\Software Development Projects\node_modules\mongodb-core\lib\topologies\server.js:218:12)
    at g (events.js:273:16)
    at emitTwo (events.js:100:13)
Thu, 11 Aug 2016 12:43:09 GMT express-session deprecated undefined resave option; provide resave option at D:\Software Development Projects\Web Site 2016\app.js:42:9
Thu, 11 Aug 2016 12:43:09 GMT express-session deprecated undefined saveUninitialized option; provide saveUninitialized option at D:\Software Development Projects\Web Site 2016\app.js:42:9
D:\Software Development Projects\node_modules\mongodb\lib\server.js:242
        process.nextTick(function() { throw err; })
                                      ^

TypeError: Cannot read property 'collection' of null
    at D:\Software Development Projects\Web Site 2016\src\config\strategies\local.strategy.js:13:36
    at D:\Software Development Projects\node_modules\mongodb\lib\mongo_client.js:330:20
    at D:\Software Development Projects\node_modules\mongodb\lib\db.js:231:14
    at null.<anonymous> (D:\Software Development Projects\node_modules\mongodb\lib\server.js:240:9)
    at g (events.js:273:16)
    at emitTwo (events.js:100:13)
    at emit (events.js:185:7)
    at null.<anonymous> (D:\Software Development Projects\node_modules\mongodb-core\lib\topologies\server.js:218:12)
    at g (events.js:273:16)
    at emitTwo (events.js:100:13)
Thu, 11 Aug 2016 12:44:03 GMT express-session deprecated undefined resave option; provide resave option at D:\Software Development Projects\Web Site 2016\app.js:42:9
Thu, 11 Aug 2016 12:44:03 GMT express-session deprecated undefined saveUninitialized option; provide saveUninitialized option at D:\Software Development Projects\Web Site 2016\app.js:42:9
D:\Software Development Projects\node_modules\mongodb\lib\server.js:242
        process.nextTick(function() { throw err; })
                                      ^

TypeError: Cannot read property 'collection' of null
    at D:\Software Development Projects\Web Site 2016\src\config\strategies\local.strategy.js:13:36
    at D:\Software Development Projects\node_modules\mongodb\lib\mongo_client.js:330:20
    at D:\Software Development Projects\node_modules\mongodb\lib\db.js:231:14
    at null.<anonymous> (D:\Software Development Projects\node_modules\mongodb\lib\server.js:240:9)
    at g (events.js:273:16)
    at emitTwo (events.js:100:13)
    at emit (events.js:185:7)
    at null.<anonymous> (D:\Software Development Projects\node_modules\mongodb-core\lib\topologies\server.js:218:12)
    at g (events.js:273:16)
    at emitTwo (events.js:100:13)
Thu, 11 Aug 2016 12:44:25 GMT express-session deprecated undefined resave option; provide resave option at D:\Software Development Projects\Web Site 2016\app.js:42:9
Thu, 11 Aug 2016 12:44:25 GMT express-session deprecated undefined saveUninitialized option; provide saveUninitialized option at D:\Software Development Projects\Web Site 2016\app.js:42:9
D:\Software Development Projects\node_modules\mongodb\lib\server.js:242
        process.nextTick(function() { throw err; })
                                      ^

TypeError: Cannot read property 'collection' of null
    at D:\Software Development Projects\Web Site 2016\src\config\strategies\local.strategy.js:13:36
    at D:\Software Development Projects\node_modules\mongodb\lib\mongo_client.js:330:20
    at D:\Software Development Projects\node_modules\mongodb\lib\db.js:231:14
    at null.<anonymous> (D:\Software Development Projects\node_modules\mongodb\lib\server.js:240:9)
    at g (events.js:273:16)
    at emitTwo (events.js:100:13)
    at emit (events.js:185:7)
    at null.<anonymous> (D:\Software Development Projects\node_modules\mongodb-core\lib\topologies\server.js:218:12)
    at g (events.js:273:16)
    at emitTwo (events.js:100:13)
Thu, 11 Aug 2016 12:55:15 GMT express-session deprecated undefined resave option; provide resave option at D:\Software Development Projects\Web Site 2016\app.js:42:9
Thu, 11 Aug 2016 12:55:15 GMT express-session deprecated undefined saveUninitialized option; provide saveUninitialized option at D:\Software Development Projects\Web Site 2016\app.js:42:9
D:\Software Development Projects\node_modules\mongodb\lib\server.js:242
        process.nextTick(function() { throw err; })
                                      ^

TypeError: Cannot read property 'collection' of null
    at D:\Software Development Projects\Web Site 2016\src\config\strategies\local.strategy.js:13:36
    at D:\Software Development Projects\node_modules\mongodb\lib\mongo_client.js:330:20
    at D:\Software Development Projects\node_modules\mongodb\lib\db.js:231:14
    at null.<anonymous> (D:\Software Development Projects\node_modules\mongodb\lib\server.js:240:9)
    at g (events.js:273:16)
    at emitTwo (events.js:100:13)
    at emit (events.js:185:7)
    at null.<anonymous> (D:\Software Development Projects\node_modules\mongodb-core\lib\topologies\server.js:218:12)
    at g (events.js:273:16)
    at emitTwo (events.js:100:13)
Thu, 11 Aug 2016 12:55:28 GMT express-session deprecated undefined resave option; provide resave option at D:\Software Development Projects\Web Site 2016\app.js:42:9
Thu, 11 Aug 2016 12:55:28 GMT express-session deprecated undefined saveUninitialized option; provide saveUninitialized option at D:\Software Development Projects\Web Site 2016\app.js:42:9
D:\Software Development Projects\Web Site 2016\src\controllers\appController.js:9
if (homedir.indexOf('Users') !== -1) {
           ^

TypeError: Cannot read property 'indexOf' of undefined
    at Object.<anonymous> (D:\Software Development Projects\Web Site 2016\src\controllers\appController.js:9:12)
    at Module._compile (module.js:413:34)
    at Object.Module._extensions..js (module.js:422:10)
    at Module.load (module.js:357:32)
    at Function.Module._load (module.js:314:12)
    at Module.require (module.js:367:17)
    at require (internal/module.js:16:19)
    at router (D:\Software Development Projects\Web Site 2016\src\routes\approutes.js:10:25)
    at Object.<anonymous> (D:\Software Development Projects\Web Site 2016\app.js:23:50)
    at Module._compile (module.js:413:34)
D:\Software Development Projects\Web Site 2016\src\controllers\appController.js:9
if (homedir.indexOf('Users') !== -1) {
           ^

TypeError: Cannot read property 'indexOf' of undefined
    at Object.<anonymous> (D:\Software Development Projects\Web Site 2016\src\controllers\appController.js:9:12)
    at Module._compile (module.js:413:34)
    at Object.Module._extensions..js (module.js:422:10)
    at Module.load (module.js:357:32)
    at Function.Module._load (module.js:314:12)
    at Module.require (module.js:367:17)
    at require (internal/module.js:16:19)
    at router (D:\Software Development Projects\Web Site 2016\src\routes\approutes.js:10:25)
    at Object.<anonymous> (D:\Software Development Projects\Web Site 2016\app.js:23:50)
    at Module._compile (module.js:413:34)
D:\Software Development Projects\Web Site 2016\src\controllers\appController.js:9
if (homedir.indexOf('Users') !== -1) {
           ^

TypeError: Cannot read property 'indexOf' of undefined
    at Object.<anonymous> (D:\Software Development Projects\Web Site 2016\src\controllers\appController.js:9:12)
    at Module._compile (module.js:413:34)
    at Object.Module._extensions..js (module.js:422:10)
    at Module.load (module.js:357:32)
    at Function.Module._load (module.js:314:12)
    at Module.require (module.js:367:17)
    at require (internal/module.js:16:19)
    at router (D:\Software Development Projects\Web Site 2016\src\routes\approutes.js:10:25)
    at Object.<anonymous> (D:\Software Development Projects\Web Site 2016\app.js:23:50)
    at Module._compile (module.js:413:34)
D:\Software Development Projects\Web Site 2016\src\controllers\appController.js:11
if (homedir.indexOf('Users') !== -1) {
           ^

TypeError: Cannot read property 'indexOf' of undefined
    at Object.<anonymous> (D:\Software Development Projects\Web Site 2016\src\controllers\appController.js:11:12)
    at Module._compile (module.js:413:34)
    at Object.Module._extensions..js (module.js:422:10)
    at Module.load (module.js:357:32)
    at Function.Module._load (module.js:314:12)
    at Module.require (module.js:367:17)
    at require (internal/module.js:16:19)
    at router (D:\Software Development Projects\Web Site 2016\src\routes\approutes.js:10:25)
    at Object.<anonymous> (D:\Software Development Projects\Web Site 2016\app.js:23:50)
    at Module._compile (module.js:413:34)
D:\Software Development Projects\Web Site 2016\src\controllers\appController.js:11
if (homedir.indexOf('Users') !== -1) {
           ^

TypeError: Cannot read property 'indexOf' of undefined
    at Object.<anonymous> (D:\Software Development Projects\Web Site 2016\src\controllers\appController.js:11:12)
    at Module._compile (module.js:413:34)
    at Object.Module._extensions..js (module.js:422:10)
    at Module.load (module.js:357:32)
    at Function.Module._load (module.js:314:12)
    at Module.require (module.js:367:17)
    at require (internal/module.js:16:19)
    at router (D:\Software Development Projects\Web Site 2016\src\routes\approutes.js:10:25)
    at Object.<anonymous> (D:\Software Development Projects\Web Site 2016\app.js:23:50)
    at Module._compile (module.js:413:34)
D:\Software Development Projects\Web Site 2016\src\controllers\appController.js:11
if (homedir.indexOf('Users') !== -1) {
           ^

TypeError: Cannot read property 'indexOf' of undefined
    at Object.<anonymous> (D:\Software Development Projects\Web Site 2016\src\controllers\appController.js:11:12)
    at Module._compile (module.js:413:34)
    at Object.Module._extensions..js (module.js:422:10)
    at Module.load (module.js:357:32)
    at Function.Module._load (module.js:314:12)
    at Module.require (module.js:367:17)
    at require (internal/module.js:16:19)
    at router (D:\Software Development Projects\Web Site 2016\src\routes\approutes.js:10:25)
    at Object.<anonymous> (D:\Software Development Projects\Web Site 2016\app.js:23:50)
    at Module._compile (module.js:413:34)
D:\Software Development Projects\Web Site 2016\src\controllers\appController.js:11
if (homedir.indexOf('Users') !== -1) {
           ^

TypeError: Cannot read property 'indexOf' of undefined
    at Object.<anonymous> (D:\Software Development Projects\Web Site 2016\src\controllers\appController.js:11:12)
    at Module._compile (module.js:413:34)
    at Object.Module._extensions..js (module.js:422:10)
    at Module.load (module.js:357:32)
    at Function.Module._load (module.js:314:12)
    at Module.require (module.js:367:17)
    at require (internal/module.js:16:19)
    at router (D:\Software Development Projects\Web Site 2016\src\routes\approutes.js:10:25)
    at Object.<anonymous> (D:\Software Development Projects\Web Site 2016\app.js:23:50)
    at Module._compile (module.js:413:34)
D:\Software Development Projects\Web Site 2016\src\controllers\appController.js:11
if (homedir.indexOf('Users') !== -1) {
           ^

TypeError: Cannot read property 'indexOf' of undefined
    at Object.<anonymous> (D:\Software Development Projects\Web Site 2016\src\controllers\appController.js:11:12)
    at Module._compile (module.js:413:34)
    at Object.Module._extensions..js (module.js:422:10)
    at Module.load (module.js:357:32)
    at Function.Module._load (module.js:314:12)
    at Module.require (module.js:367:17)
    at require (internal/module.js:16:19)
    at router (D:\Software Development Projects\Web Site 2016\src\routes\approutes.js:10:25)
    at Object.<anonymous> (D:\Software Development Projects\Web Site 2016\app.js:23:50)
    at Module._compile (module.js:413:34)
D:\Software Development Projects\Web Site 2016\src\controllers\appController.js:11
if (homedir.indexOf('Users') !== -1) {
           ^

TypeError: Cannot read property 'indexOf' of undefined
    at Object.<anonymous> (D:\Software Development Projects\Web Site 2016\src\controllers\appController.js:11:12)
    at Module._compile (module.js:413:34)
    at Object.Module._extensions..js (module.js:422:10)
    at Module.load (module.js:357:32)
    at Function.Module._load (module.js:314:12)
    at Module.require (module.js:367:17)
    at require (internal/module.js:16:19)
    at router (D:\Software Development Projects\Web Site 2016\src\routes\approutes.js:10:25)
    at Object.<anonymous> (D:\Software Development Projects\Web Site 2016\app.js:23:50)
    at Module._compile (module.js:413:34)
D:\Software Development Projects\Web Site 2016\src\controllers\appController.js:11
if (homedir.indexOf('Users') !== -1) {
           ^

TypeError: Cannot read property 'indexOf' of undefined
    at Object.<anonymous> (D:\Software Development Projects\Web Site 2016\src\controllers\appController.js:11:12)
    at Module._compile (module.js:413:34)
    at Object.Module._extensions..js (module.js:422:10)
    at Module.load (module.js:357:32)
    at Function.Module._load (module.js:314:12)
    at Module.require (module.js:367:17)
    at require (internal/module.js:16:19)
    at router (D:\Software Development Projects\Web Site 2016\src\routes\approutes.js:10:25)
    at Object.<anonymous> (D:\Software Development Projects\Web Site 2016\app.js:23:50)
    at Module._compile (module.js:413:34)
D:\Software Development Projects\Web Site 2016\src\controllers\appController.js:11
if (homedir.indexOf('Users') !== -1) {
           ^

TypeError: Cannot read property 'indexOf' of undefined
    at Object.<anonymous> (D:\Software Development Projects\Web Site 2016\src\controllers\appController.js:11:12)
    at Module._compile (module.js:413:34)
    at Object.Module._extensions..js (module.js:422:10)
    at Module.load (module.js:357:32)
    at Function.Module._load (module.js:314:12)
    at Module.require (module.js:367:17)
    at require (internal/module.js:16:19)
    at router (D:\Software Development Projects\Web Site 2016\src\routes\approutes.js:10:25)
    at Object.<anonymous> (D:\Software Development Projects\Web Site 2016\app.js:23:50)
    at Module._compile (module.js:413:34)
D:\Software Development Projects\Web Site 2016\src\controllers\appController.js:11
if (homedir.indexOf('Users') !== -1) {
           ^

TypeError: Cannot read property 'indexOf' of undefined
    at Object.<anonymous> (D:\Software Development Projects\Web Site 2016\src\controllers\appController.js:11:12)
    at Module._compile (module.js:413:34)
    at Object.Module._extensions..js (module.js:422:10)
    at Module.load (module.js:357:32)
    at Function.Module._load (module.js:314:12)
    at Module.require (module.js:367:17)
    at require (internal/module.js:16:19)
    at router (D:\Software Development Projects\Web Site 2016\src\routes\approutes.js:10:25)
    at Object.<anonymous> (D:\Software Development Projects\Web Site 2016\app.js:23:50)
    at Module._compile (module.js:413:34)
