2016-07-14 15:09:31 - Starting D:\Program Files\nodejs\node.exe --harmony "C:\Users\Ivan\AppData\Roaming\npm\node_modules\qckwinsvc\node_modules\node-windows\lib\wrapper.js" -f "D:\Software Development Projects\Web Site 2016\app.js" -l "My-Website" -g 0.25 -w 1 -r 3 -a n
2016-07-14 15:09:31 - Started 8040
2016-07-14 15:11:37 - Stopping mywebsite.exe
2016-07-14 15:11:37 - ProcessKill 8040
2016-07-14 15:11:37 - Finished mywebsite.exe
2016-07-14 15:16:20 - Starting D:\Program Files\nodejs\node.exe --harmony "C:\Users\Ivan\AppData\Roaming\npm\node_modules\qckwinsvc\node_modules\node-windows\lib\wrapper.js" -f "D:\Software Development Projects\Web Site 2016\app.js" -l "My-Website" -g 0.25 -w 1 -r 3 -a n
2016-07-14 15:16:20 - Started 4600
2016-07-14 15:20:42 - Stopping mywebsite.exe
2016-07-14 15:20:42 - ProcessKill 4600
2016-07-14 15:20:42 - Finished mywebsite.exe
2016-07-14 15:20:44 - Starting D:\Program Files\nodejs\node.exe --harmony "C:\Users\Ivan\AppData\Roaming\npm\node_modules\qckwinsvc\node_modules\node-windows\lib\wrapper.js" -f "D:\Software Development Projects\Web Site 2016\app.js" -l "My-Website" -g 0.25 -w 1 -r 3 -a n
2016-07-14 15:20:44 - Started 8308
2016-07-14 15:21:29 - Stopping mywebsite.exe
2016-07-14 15:21:29 - ProcessKill 8308
2016-07-14 15:21:29 - Finished mywebsite.exe
2016-07-14 15:41:05 - Starting D:\Program Files\nodejs\node.exe --harmony "C:\Users\Ivan\AppData\Roaming\npm\node_modules\qckwinsvc\node_modules\node-windows\lib\wrapper.js" -f "D:\Software Development Projects\Web Site 2016\app.js" -l "My-Website" -g 0.25 -w 1 -r 3 -a n
2016-07-14 15:41:05 - Started 7120
2016-07-14 16:23:19 - Stopping mywebsite.exe
2016-07-14 16:23:19 - ProcessKill 7120
2016-07-14 16:23:19 - Finished mywebsite.exe
2016-07-14 16:23:21 - Starting D:\Program Files\nodejs\node.exe --harmony "C:\Users\Ivan\AppData\Roaming\npm\node_modules\qckwinsvc\node_modules\node-windows\lib\wrapper.js" -f "D:\Software Development Projects\Web Site 2016\app.js" -l "My-Website" -g 0.25 -w 1 -r 3 -a n
2016-07-14 16:23:21 - Started 8600
2016-07-14 16:24:17 - Stopping mywebsite.exe
2016-07-14 16:24:17 - ProcessKill 8600
2016-07-14 16:24:17 - Finished mywebsite.exe
2016-07-14 16:24:19 - Starting D:\Program Files\nodejs\node.exe --harmony "C:\Users\Ivan\AppData\Roaming\npm\node_modules\qckwinsvc\node_modules\node-windows\lib\wrapper.js" -f "D:\Software Development Projects\Web Site 2016\app.js" -l "My-Website" -g 0.25 -w 1 -r 3 -a n
2016-07-14 16:24:19 - Started 7252
2016-07-15 10:41:50 - Stopping mywebsite.exe
2016-07-15 10:41:50 - ProcessKill 7252
2016-07-15 10:41:50 - Finished mywebsite.exe
2016-07-15 10:41:52 - Starting D:\Program Files\nodejs\node.exe --harmony "C:\Users\Ivan\AppData\Roaming\npm\node_modules\qckwinsvc\node_modules\node-windows\lib\wrapper.js" -f "D:\Software Development Projects\Web Site 2016\app.js" -l "My-Website" -g 0.25 -w 1 -r 3 -a n
2016-07-15 10:41:52 - Started 4884
2016-07-18 10:42:52 - Stopping mywebsite.exe
2016-07-18 10:42:52 - ProcessKill 4884
2016-07-18 10:42:52 - Finished mywebsite.exe
2016-07-18 10:42:54 - Starting D:\Program Files\nodejs\node.exe --harmony "C:\Users\Ivan\AppData\Roaming\npm\node_modules\qckwinsvc\node_modules\node-windows\lib\wrapper.js" -f "D:\Software Development Projects\Web Site 2016\app.js" -l "My-Website" -g 0.25 -w 1 -r 3 -a n
2016-07-18 10:42:54 - Started 9520
2016-07-18 10:47:48 - Stopping mywebsite.exe
2016-07-18 10:47:48 - ProcessKill 9520
2016-07-18 10:47:48 - Finished mywebsite.exe
2016-07-30 08:53:55 - Starting D:\Program Files\nodejs\node.exe --harmony "C:\Users\Ivan\AppData\Roaming\npm\node_modules\qckwinsvc\node_modules\node-windows\lib\wrapper.js" -f "D:\Software Development Projects\Web Site 2016\app.js" -l "My-Website" -g 0.25 -w 1 -r 3 -a n
2016-07-30 08:53:56 - Started 15888
2016-07-30 09:07:33 - Starting D:\Program Files\nodejs\node.exe --harmony "C:\Users\Ivan\AppData\Roaming\npm\node_modules\qckwinsvc\node_modules\node-windows\lib\wrapper.js" -f "D:\Software Development Projects\Web Site 2016\app.js" -l "My-Website" -g 0.25 -w 1 -r 3 -a n
2016-07-30 09:07:33 - Started 16416
2016-07-30 09:17:26 - Starting D:\Program Files\nodejs\node.exe --harmony "C:\Users\Ivan\AppData\Roaming\npm\node_modules\qckwinsvc\node_modules\node-windows\lib\wrapper.js" -f "D:\Software Development Projects\Web Site 2016\app.js" -l "My-Website" -g 0.25 -w 1 -r 3 -a n
2016-07-30 09:17:26 - Started 15252
2016-08-01 09:14:16 - Stopping mywebsite.exe
2016-08-01 09:14:16 - ProcessKill 15252
2016-08-01 09:14:16 - Finished mywebsite.exe
2016-08-01 09:15:58 - Starting D:\Program Files\nodejs\node.exe --harmony "C:\Users\Ivan\AppData\Roaming\npm\node_modules\qckwinsvc\node_modules\node-windows\lib\wrapper.js" -f "D:\Software Development Projects\Web Site 2016\app.js" -l "My-Website" -g 0.25 -w 1 -r 3 -a n
2016-08-01 09:15:58 - Started 2768
2016-08-03 10:03:30 - Stopping mywebsite.exe
2016-08-03 10:03:30 - ProcessKill 2768
2016-08-03 10:03:30 - Finished mywebsite.exe
2016-08-03 10:13:07 - Starting D:\Program Files\nodejs\node.exe --harmony "C:\Users\Ivan\AppData\Roaming\npm\node_modules\qckwinsvc\node_modules\node-windows\lib\wrapper.js" -f "D:\Software Development Projects\Web Site 2016\app.js" -l "My-Website" -g 0.25 -w 1 -r 3 -a n
2016-08-03 10:13:07 - Started 8564
2016-08-03 11:54:12 - Stopping mywebsite.exe
2016-08-03 11:54:12 - ProcessKill 8564
2016-08-03 11:54:12 - Finished mywebsite.exe
2016-08-03 11:54:14 - Starting D:\Program Files\nodejs\node.exe --harmony "C:\Users\Ivan\AppData\Roaming\npm\node_modules\qckwinsvc\node_modules\node-windows\lib\wrapper.js" -f "D:\Software Development Projects\Web Site 2016\app.js" -l "My-Website" -g 0.25 -w 1 -r 3 -a n
2016-08-03 11:54:14 - Started 5840
2016-08-04 09:51:37 - Stopping mywebsite.exe
2016-08-04 09:51:37 - ProcessKill 5840
2016-08-04 09:51:37 - Finished mywebsite.exe
2016-08-04 09:52:49 - Starting D:\Program Files\nodejs\node.exe --harmony "C:\Users\Ivan\AppData\Roaming\npm\node_modules\qckwinsvc\node_modules\node-windows\lib\wrapper.js" -f "D:\Software Development Projects\Web Site 2016\app.js" -l "My-Website" -g 0.25 -w 1 -r 3 -a n
2016-08-04 09:52:50 - Started 3276
2016-08-04 12:35:45 - Stopping mywebsite.exe
2016-08-04 12:35:45 - ProcessKill 3276
2016-08-04 12:35:45 - Finished mywebsite.exe
2016-08-04 12:59:29 - Starting D:\Program Files\nodejs\node.exe --harmony "C:\Users\Ivan\AppData\Roaming\npm\node_modules\qckwinsvc\node_modules\node-windows\lib\wrapper.js" -f "D:\Software Development Projects\Web Site 2016\app.js" -l "My-Website" -g 0.25 -w 1 -r 3 -a n
2016-08-04 12:59:29 - Started 9512
2016-08-05 09:52:47 - Stopping mywebsite.exe
2016-08-05 09:52:47 - ProcessKill 9512
2016-08-05 09:52:47 - Finished mywebsite.exe
2016-08-05 09:52:48 - Starting D:\Program Files\nodejs\node.exe --harmony "C:\Users\Ivan\AppData\Roaming\npm\node_modules\qckwinsvc\node_modules\node-windows\lib\wrapper.js" -f "D:\Software Development Projects\Web Site 2016\app.js" -l "My-Website" -g 0.25 -w 1 -r 3 -a n
2016-08-05 09:52:48 - Started 8956
2016-08-05 10:01:15 - Stopping mywebsite.exe
2016-08-05 10:01:15 - ProcessKill 8956
2016-08-05 10:01:15 - Finished mywebsite.exe
2016-08-05 18:52:00 - Starting D:\Program Files\nodejs\node.exe --harmony "C:\Users\Ivan\AppData\Roaming\npm\node_modules\qckwinsvc\node_modules\node-windows\lib\wrapper.js" -f "D:\Software Development Projects\Web Site 2016\app.js" -l "My-Website" -g 0.25 -w 1 -r 3 -a n
2016-08-05 18:52:00 - Started 1080
2016-08-05 18:57:36 - Stopping mywebsite.exe
2016-08-05 18:57:36 - ProcessKill 1080
2016-08-05 18:57:36 - Finished mywebsite.exe
2016-08-05 19:06:48 - Starting D:\Program Files\nodejs\node.exe --harmony "C:\Users\Ivan\AppData\Roaming\npm\node_modules\qckwinsvc\node_modules\node-windows\lib\wrapper.js" -f "D:\Software Development Projects\Web Site 2016\app.js" -l "My-Website" -g 0.25 -w 1 -r 3 -a n
2016-08-05 19:06:48 - Started 3892
